/home/tanvi/ros2_ws/install/voice_robot_pkg/lib/python3.10/site-packages/voice_robot_pkg/test_mic.py
/home/tanvi/ros2_ws/install/voice_robot_pkg/lib/python3.10/site-packages/voice_robot_pkg/helpers.py
/home/tanvi/ros2_ws/install/voice_robot_pkg/lib/python3.10/site-packages/voice_robot_pkg/debug.py
/home/tanvi/ros2_ws/install/voice_robot_pkg/lib/python3.10/site-packages/voice_robot_pkg/__init__.py
/home/tanvi/ros2_ws/install/voice_robot_pkg/lib/python3.10/site-packages/voice_robot_pkg/map.py
/home/tanvi/ros2_ws/install/voice_robot_pkg/lib/python3.10/site-packages/voice_robot_pkg/config.py
/home/tanvi/ros2_ws/install/voice_robot_pkg/lib/python3.10/site-packages/voice_robot_pkg/main.py
/home/tanvi/ros2_ws/install/voice_robot_pkg/lib/python3.10/site-packages/voice_robot_pkg/__pycache__/test_mic.cpython-310.pyc
/home/tanvi/ros2_ws/install/voice_robot_pkg/lib/python3.10/site-packages/voice_robot_pkg/__pycache__/helpers.cpython-310.pyc
/home/tanvi/ros2_ws/install/voice_robot_pkg/lib/python3.10/site-packages/voice_robot_pkg/__pycache__/debug.cpython-310.pyc
/home/tanvi/ros2_ws/install/voice_robot_pkg/lib/python3.10/site-packages/voice_robot_pkg/__pycache__/__init__.cpython-310.pyc
/home/tanvi/ros2_ws/install/voice_robot_pkg/lib/python3.10/site-packages/voice_robot_pkg/__pycache__/map.cpython-310.pyc
/home/tanvi/ros2_ws/install/voice_robot_pkg/lib/python3.10/site-packages/voice_robot_pkg/__pycache__/config.cpython-310.pyc
/home/tanvi/ros2_ws/install/voice_robot_pkg/lib/python3.10/site-packages/voice_robot_pkg/__pycache__/main.cpython-310.pyc
/home/tanvi/ros2_ws/install/voice_robot_pkg/share/ament_index/resource_index/packages/voice_robot_pkg
/home/tanvi/ros2_ws/install/voice_robot_pkg/share/voice_robot_pkg/package.xml
/home/tanvi/ros2_ws/install/voice_robot_pkg/lib/python3.10/site-packages/voice_robot_pkg-0.0.0-py3.10.egg-info/requires.txt
/home/tanvi/ros2_ws/install/voice_robot_pkg/lib/python3.10/site-packages/voice_robot_pkg-0.0.0-py3.10.egg-info/zip-safe
/home/tanvi/ros2_ws/install/voice_robot_pkg/lib/python3.10/site-packages/voice_robot_pkg-0.0.0-py3.10.egg-info/dependency_links.txt
/home/tanvi/ros2_ws/install/voice_robot_pkg/lib/python3.10/site-packages/voice_robot_pkg-0.0.0-py3.10.egg-info/top_level.txt
/home/tanvi/ros2_ws/install/voice_robot_pkg/lib/python3.10/site-packages/voice_robot_pkg-0.0.0-py3.10.egg-info/entry_points.txt
/home/tanvi/ros2_ws/install/voice_robot_pkg/lib/python3.10/site-packages/voice_robot_pkg-0.0.0-py3.10.egg-info/SOURCES.txt
/home/tanvi/ros2_ws/install/voice_robot_pkg/lib/python3.10/site-packages/voice_robot_pkg-0.0.0-py3.10.egg-info/PKG-INFO
/home/tanvi/ros2_ws/install/voice_robot_pkg/lib/voice_robot_pkg/voice_node
