[2.010s] Invoking command in '/home/tanvi/ros2_ws/src/voice_robot_pkg': PYTHONPATH=/home/tanvi/ros2_ws/build/voice_robot_pkg/prefix_override:/usr/lib/python3/dist-packages/colcon_core/task/python/colcon_distutils_commands:/home/tanvi/ros2_ws/install/voice_robot_pkg/lib/python3.10/site-packages:${PYTHONPATH} /usr/bin/python3 -W ignore:setup.py install is deprecated -W ignore:easy_install command is deprecated setup.py egg_info --egg-base ../../build/voice_robot_pkg build --build-base /home/tanvi/ros2_ws/build/voice_robot_pkg/build install --record /home/tanvi/ros2_ws/build/voice_robot_pkg/install.log --single-version-externally-managed install_data
[2.561s] running egg_info
[2.562s] writing ../../build/voice_robot_pkg/voice_robot_pkg.egg-info/PKG-INFO
[2.562s] writing dependency_links to ../../build/voice_robot_pkg/voice_robot_pkg.egg-info/dependency_links.txt
[2.563s] writing entry points to ../../build/voice_robot_pkg/voice_robot_pkg.egg-info/entry_points.txt
[2.564s] writing requirements to ../../build/voice_robot_pkg/voice_robot_pkg.egg-info/requires.txt
[2.564s] writing top-level names to ../../build/voice_robot_pkg/voice_robot_pkg.egg-info/top_level.txt
[2.568s] reading manifest file '../../build/voice_robot_pkg/voice_robot_pkg.egg-info/SOURCES.txt'
[2.572s] writing manifest file '../../build/voice_robot_pkg/voice_robot_pkg.egg-info/SOURCES.txt'
[2.573s] running build
[2.573s] running build_py
[2.574s] copying voice_robot_pkg/main.py -> /home/tanvi/ros2_ws/build/voice_robot_pkg/build/lib/voice_robot_pkg
[2.574s] running install
[2.575s] running install_lib
[2.579s] copying /home/tanvi/ros2_ws/build/voice_robot_pkg/build/lib/voice_robot_pkg/main.py -> /home/tanvi/ros2_ws/install/voice_robot_pkg/lib/python3.10/site-packages/voice_robot_pkg
[2.582s] byte-compiling /home/tanvi/ros2_ws/install/voice_robot_pkg/lib/python3.10/site-packages/voice_robot_pkg/main.py to main.cpython-310.pyc
[2.592s] running install_data
[2.592s] running install_egg_info
[2.596s] removing '/home/tanvi/ros2_ws/install/voice_robot_pkg/lib/python3.10/site-packages/voice_robot_pkg-0.0.0-py3.10.egg-info' (and everything under it)
[2.597s] Copying ../../build/voice_robot_pkg/voice_robot_pkg.egg-info to /home/tanvi/ros2_ws/install/voice_robot_pkg/lib/python3.10/site-packages/voice_robot_pkg-0.0.0-py3.10.egg-info
[2.601s] running install_scripts
[2.648s] Installing voice_node script to /home/tanvi/ros2_ws/install/voice_robot_pkg/lib/voice_robot_pkg
[2.649s] writing list of installed files to '/home/tanvi/ros2_ws/build/voice_robot_pkg/install.log'
[2.708s] Invoked command in '/home/tanvi/ros2_ws/src/voice_robot_pkg' returned '0': PYTHONPATH=/home/tanvi/ros2_ws/build/voice_robot_pkg/prefix_override:/usr/lib/python3/dist-packages/colcon_core/task/python/colcon_distutils_commands:/home/tanvi/ros2_ws/install/voice_robot_pkg/lib/python3.10/site-packages:${PYTHONPATH} /usr/bin/python3 -W ignore:setup.py install is deprecated -W ignore:easy_install command is deprecated setup.py egg_info --egg-base ../../build/voice_robot_pkg build --build-base /home/tanvi/ros2_ws/build/voice_robot_pkg/build install --record /home/tanvi/ros2_ws/build/voice_robot_pkg/install.log --single-version-externally-managed install_data
