[2.082s] Invoking command in '/home/tanvi/ros2_ws/src/voice_robot_pkg': PYTHONPATH=/home/tanvi/ros2_ws/build/voice_robot_pkg/prefix_override:/usr/lib/python3/dist-packages/colcon_core/task/python/colcon_distutils_commands:/home/tanvi/ros2_ws/install/voice_robot_pkg/lib/python3.10/site-packages:${PYTHONPATH} /usr/bin/python3 -W ignore:setup.py install is deprecated -W ignore:easy_install command is deprecated setup.py egg_info --egg-base ../../build/voice_robot_pkg build --build-base /home/tanvi/ros2_ws/build/voice_robot_pkg/build install --record /home/tanvi/ros2_ws/build/voice_robot_pkg/install.log --single-version-externally-managed install_data
[2.616s] running egg_info
[2.617s] creating ../../build/voice_robot_pkg/voice_robot_pkg.egg-info
[2.618s] writing ../../build/voice_robot_pkg/voice_robot_pkg.egg-info/PKG-INFO
[2.618s] writing dependency_links to ../../build/voice_robot_pkg/voice_robot_pkg.egg-info/dependency_links.txt
[2.619s] writing entry points to ../../build/voice_robot_pkg/voice_robot_pkg.egg-info/entry_points.txt
[2.619s] writing requirements to ../../build/voice_robot_pkg/voice_robot_pkg.egg-info/requires.txt
[2.619s] writing top-level names to ../../build/voice_robot_pkg/voice_robot_pkg.egg-info/top_level.txt
[2.620s] writing manifest file '../../build/voice_robot_pkg/voice_robot_pkg.egg-info/SOURCES.txt'
[2.625s] reading manifest file '../../build/voice_robot_pkg/voice_robot_pkg.egg-info/SOURCES.txt'
[2.627s] writing manifest file '../../build/voice_robot_pkg/voice_robot_pkg.egg-info/SOURCES.txt'
[2.627s] running build
[2.627s] running build_py
[2.627s] creating /home/tanvi/ros2_ws/build/voice_robot_pkg/build
[2.629s] creating /home/tanvi/ros2_ws/build/voice_robot_pkg/build/lib
[2.630s] creating /home/tanvi/ros2_ws/build/voice_robot_pkg/build/lib/voice_robot_pkg
[2.630s] copying voice_robot_pkg/test_mic.py -> /home/tanvi/ros2_ws/build/voice_robot_pkg/build/lib/voice_robot_pkg
[2.630s] copying voice_robot_pkg/helpers.py -> /home/tanvi/ros2_ws/build/voice_robot_pkg/build/lib/voice_robot_pkg
[2.631s] copying voice_robot_pkg/debug.py -> /home/tanvi/ros2_ws/build/voice_robot_pkg/build/lib/voice_robot_pkg
[2.631s] copying voice_robot_pkg/__init__.py -> /home/tanvi/ros2_ws/build/voice_robot_pkg/build/lib/voice_robot_pkg
[2.631s] copying voice_robot_pkg/map.py -> /home/tanvi/ros2_ws/build/voice_robot_pkg/build/lib/voice_robot_pkg
[2.632s] copying voice_robot_pkg/config.py -> /home/tanvi/ros2_ws/build/voice_robot_pkg/build/lib/voice_robot_pkg
[2.632s] copying voice_robot_pkg/main.py -> /home/tanvi/ros2_ws/build/voice_robot_pkg/build/lib/voice_robot_pkg
[2.633s] running install
[2.635s] running install_lib
[2.638s] creating /home/tanvi/ros2_ws/install/voice_robot_pkg/lib/python3.10/site-packages/voice_robot_pkg
[2.638s] copying /home/tanvi/ros2_ws/build/voice_robot_pkg/build/lib/voice_robot_pkg/test_mic.py -> /home/tanvi/ros2_ws/install/voice_robot_pkg/lib/python3.10/site-packages/voice_robot_pkg
[2.639s] copying /home/tanvi/ros2_ws/build/voice_robot_pkg/build/lib/voice_robot_pkg/helpers.py -> /home/tanvi/ros2_ws/install/voice_robot_pkg/lib/python3.10/site-packages/voice_robot_pkg
[2.639s] copying /home/tanvi/ros2_ws/build/voice_robot_pkg/build/lib/voice_robot_pkg/debug.py -> /home/tanvi/ros2_ws/install/voice_robot_pkg/lib/python3.10/site-packages/voice_robot_pkg
[2.640s] copying /home/tanvi/ros2_ws/build/voice_robot_pkg/build/lib/voice_robot_pkg/__init__.py -> /home/tanvi/ros2_ws/install/voice_robot_pkg/lib/python3.10/site-packages/voice_robot_pkg
[2.640s] copying /home/tanvi/ros2_ws/build/voice_robot_pkg/build/lib/voice_robot_pkg/map.py -> /home/tanvi/ros2_ws/install/voice_robot_pkg/lib/python3.10/site-packages/voice_robot_pkg
[2.640s] copying /home/tanvi/ros2_ws/build/voice_robot_pkg/build/lib/voice_robot_pkg/config.py -> /home/tanvi/ros2_ws/install/voice_robot_pkg/lib/python3.10/site-packages/voice_robot_pkg
[2.640s] copying /home/tanvi/ros2_ws/build/voice_robot_pkg/build/lib/voice_robot_pkg/main.py -> /home/tanvi/ros2_ws/install/voice_robot_pkg/lib/python3.10/site-packages/voice_robot_pkg
[2.642s] byte-compiling /home/tanvi/ros2_ws/install/voice_robot_pkg/lib/python3.10/site-packages/voice_robot_pkg/test_mic.py to test_mic.cpython-310.pyc
[2.645s] byte-compiling /home/tanvi/ros2_ws/install/voice_robot_pkg/lib/python3.10/site-packages/voice_robot_pkg/helpers.py to helpers.cpython-310.pyc
[2.648s] byte-compiling /home/tanvi/ros2_ws/install/voice_robot_pkg/lib/python3.10/site-packages/voice_robot_pkg/debug.py to debug.cpython-310.pyc
[2.649s] byte-compiling /home/tanvi/ros2_ws/install/voice_robot_pkg/lib/python3.10/site-packages/voice_robot_pkg/__init__.py to __init__.cpython-310.pyc
[2.650s] byte-compiling /home/tanvi/ros2_ws/install/voice_robot_pkg/lib/python3.10/site-packages/voice_robot_pkg/map.py to map.cpython-310.pyc
[2.651s] byte-compiling /home/tanvi/ros2_ws/install/voice_robot_pkg/lib/python3.10/site-packages/voice_robot_pkg/config.py to config.cpython-310.pyc
[2.652s] byte-compiling /home/tanvi/ros2_ws/install/voice_robot_pkg/lib/python3.10/site-packages/voice_robot_pkg/main.py to main.cpython-310.pyc
[2.662s]   File "/home/tanvi/ros2_ws/install/voice_robot_pkg/lib/python3.10/site-packages/voice_robot_pkg/main.py", line 339
[2.662s]     finally:
[2.662s]     ^^^^^^^
[2.663s] SyntaxError: invalid syntax
[2.663s] 
[2.663s] running install_data
[2.663s] creating /home/tanvi/ros2_ws/install/voice_robot_pkg/share/ament_index
[2.663s] creating /home/tanvi/ros2_ws/install/voice_robot_pkg/share/ament_index/resource_index
[2.663s] creating /home/tanvi/ros2_ws/install/voice_robot_pkg/share/ament_index/resource_index/packages
[2.664s] copying resource/voice_robot_pkg -> /home/tanvi/ros2_ws/install/voice_robot_pkg/share/ament_index/resource_index/packages
[2.664s] copying package.xml -> /home/tanvi/ros2_ws/install/voice_robot_pkg/share/voice_robot_pkg
[2.664s] running install_egg_info
[2.671s] Copying ../../build/voice_robot_pkg/voice_robot_pkg.egg-info to /home/tanvi/ros2_ws/install/voice_robot_pkg/lib/python3.10/site-packages/voice_robot_pkg-0.0.0-py3.10.egg-info
[2.674s] running install_scripts
[2.723s] writing list of installed files to '/home/tanvi/ros2_ws/build/voice_robot_pkg/install.log'
[2.773s] Invoked command in '/home/tanvi/ros2_ws/src/voice_robot_pkg' returned '0': PYTHONPATH=/home/tanvi/ros2_ws/build/voice_robot_pkg/prefix_override:/usr/lib/python3/dist-packages/colcon_core/task/python/colcon_distutils_commands:/home/tanvi/ros2_ws/install/voice_robot_pkg/lib/python3.10/site-packages:${PYTHONPATH} /usr/bin/python3 -W ignore:setup.py install is deprecated -W ignore:easy_install command is deprecated setup.py egg_info --egg-base ../../build/voice_robot_pkg build --build-base /home/tanvi/ros2_ws/build/voice_robot_pkg/build install --record /home/tanvi/ros2_ws/build/voice_robot_pkg/install.log --single-version-externally-managed install_data
