[1.101s] DEBUG:colcon:Command line arguments: ['/usr/bin/colcon', 'build']
[1.101s] DEBUG:colcon:Parsed command line arguments: Namespace(log_base=None, log_level=None, verb_name='build', build_base='build', install_base='install', merge_install=False, symlink_install=False, test_result_base=None, continue_on_error=False, executor='parallel', parallel_workers=12, event_handlers=None, ignore_user_meta=False, metas=['./colcon.meta'], base_paths=['.'], packages_ignore=None, packages_ignore_regex=None, paths=None, packages_up_to=None, packages_up_to_regex=None, packages_above=None, packages_above_and_dependencies=None, packages_above_depth=None, packages_select_by_dep=None, packages_skip_by_dep=None, packages_skip_up_to=None, packages_select_build_failed=False, packages_skip_build_finished=False, packages_select_test_failures=False, packages_skip_test_passed=False, packages_select=None, packages_skip=None, packages_select_regex=None, packages_skip_regex=None, packages_start=None, packages_end=None, allow_overriding=[], cmake_args=None, cmake_target=None, cmake_target_skip_unavailable=False, cmake_clean_cache=False, cmake_clean_first=False, cmake_force_configure=False, ament_cmake_args=None, catkin_cmake_args=None, catkin_skip_building_tests=False, verb_parser=<colcon_defaults.argument_parser.defaults.DefaultArgumentsDecorator object at 0x75b58e720b20>, verb_extension=<colcon_core.verb.build.BuildVerb object at 0x75b58e8e69e0>, main=<bound method BuildVerb.main of <colcon_core.verb.build.BuildVerb object at 0x75b58e8e69e0>>)
[2.091s] Level 1:colcon.colcon_core.package_discovery:discover_packages(colcon_meta) check parameters
[2.091s] Level 1:colcon.colcon_core.package_discovery:discover_packages(recursive) check parameters
[2.091s] Level 1:colcon.colcon_core.package_discovery:discover_packages(ignore) check parameters
[2.091s] Level 1:colcon.colcon_core.package_discovery:discover_packages(path) check parameters
[2.091s] Level 1:colcon.colcon_core.package_discovery:discover_packages(colcon_meta) discover
[2.092s] Level 1:colcon.colcon_core.package_discovery:discover_packages(recursive) discover
[2.092s] INFO:colcon.colcon_core.package_discovery:Crawling recursively for packages in '/home/tanvi/ros2_ws'
[2.092s] Level 1:colcon.colcon_core.package_identification:_identify(.) by extensions ['ignore', 'ignore_ament_install']
[2.092s] Level 1:colcon.colcon_core.package_identification:_identify(.) by extension 'ignore'
[2.092s] Level 1:colcon.colcon_core.package_identification:_identify(.) by extension 'ignore_ament_install'
[2.092s] Level 1:colcon.colcon_core.package_identification:_identify(.) by extensions ['colcon_pkg']
[2.092s] Level 1:colcon.colcon_core.package_identification:_identify(.) by extension 'colcon_pkg'
[2.092s] Level 1:colcon.colcon_core.package_identification:_identify(.) by extensions ['colcon_meta']
[2.092s] Level 1:colcon.colcon_core.package_identification:_identify(.) by extension 'colcon_meta'
[2.093s] Level 1:colcon.colcon_core.package_identification:_identify(.) by extensions ['ros']
[2.093s] Level 1:colcon.colcon_core.package_identification:_identify(.) by extension 'ros'
[2.121s] Level 1:colcon.colcon_core.package_identification:_identify(.) by extensions ['cmake', 'python']
[2.121s] Level 1:colcon.colcon_core.package_identification:_identify(.) by extension 'cmake'
[2.121s] Level 1:colcon.colcon_core.package_identification:_identify(.) by extension 'python'
[2.122s] Level 1:colcon.colcon_core.package_identification:_identify(.) by extensions ['python_setup_py']
[2.122s] Level 1:colcon.colcon_core.package_identification:_identify(.) by extension 'python_setup_py'
[2.123s] Level 1:colcon.colcon_core.package_identification:_identify(build) by extensions ['ignore', 'ignore_ament_install']
[2.123s] Level 1:colcon.colcon_core.package_identification:_identify(build) by extension 'ignore'
[2.123s] Level 1:colcon.colcon_core.package_identification:_identify(build) ignored
[2.124s] Level 1:colcon.colcon_core.package_identification:_identify(install) by extensions ['ignore', 'ignore_ament_install']
[2.124s] Level 1:colcon.colcon_core.package_identification:_identify(install) by extension 'ignore'
[2.124s] Level 1:colcon.colcon_core.package_identification:_identify(install) ignored
[2.125s] Level 1:colcon.colcon_core.package_identification:_identify(log) by extensions ['ignore', 'ignore_ament_install']
[2.125s] Level 1:colcon.colcon_core.package_identification:_identify(log) by extension 'ignore'
[2.125s] Level 1:colcon.colcon_core.package_identification:_identify(log) ignored
[2.125s] Level 1:colcon.colcon_core.package_identification:_identify(src) by extensions ['ignore', 'ignore_ament_install']
[2.126s] Level 1:colcon.colcon_core.package_identification:_identify(src) by extension 'ignore'
[2.126s] Level 1:colcon.colcon_core.package_identification:_identify(src) by extension 'ignore_ament_install'
[2.126s] Level 1:colcon.colcon_core.package_identification:_identify(src) by extensions ['colcon_pkg']
[2.126s] Level 1:colcon.colcon_core.package_identification:_identify(src) by extension 'colcon_pkg'
[2.126s] Level 1:colcon.colcon_core.package_identification:_identify(src) by extensions ['colcon_meta']
[2.126s] Level 1:colcon.colcon_core.package_identification:_identify(src) by extension 'colcon_meta'
[2.126s] Level 1:colcon.colcon_core.package_identification:_identify(src) by extensions ['ros']
[2.126s] Level 1:colcon.colcon_core.package_identification:_identify(src) by extension 'ros'
[2.126s] Level 1:colcon.colcon_core.package_identification:_identify(src) by extensions ['cmake', 'python']
[2.127s] Level 1:colcon.colcon_core.package_identification:_identify(src) by extension 'cmake'
[2.127s] Level 1:colcon.colcon_core.package_identification:_identify(src) by extension 'python'
[2.127s] Level 1:colcon.colcon_core.package_identification:_identify(src) by extensions ['python_setup_py']
[2.127s] Level 1:colcon.colcon_core.package_identification:_identify(src) by extension 'python_setup_py'
[2.127s] Level 1:colcon.colcon_core.package_identification:_identify(src/my_bot) by extensions ['ignore', 'ignore_ament_install']
[2.128s] Level 1:colcon.colcon_core.package_identification:_identify(src/my_bot) by extension 'ignore'
[2.128s] Level 1:colcon.colcon_core.package_identification:_identify(src/my_bot) by extension 'ignore_ament_install'
[2.128s] Level 1:colcon.colcon_core.package_identification:_identify(src/my_bot) by extensions ['colcon_pkg']
[2.128s] Level 1:colcon.colcon_core.package_identification:_identify(src/my_bot) by extension 'colcon_pkg'
[2.128s] Level 1:colcon.colcon_core.package_identification:_identify(src/my_bot) by extensions ['colcon_meta']
[2.128s] Level 1:colcon.colcon_core.package_identification:_identify(src/my_bot) by extension 'colcon_meta'
[2.128s] Level 1:colcon.colcon_core.package_identification:_identify(src/my_bot) by extensions ['ros']
[2.128s] Level 1:colcon.colcon_core.package_identification:_identify(src/my_bot) by extension 'ros'
[2.136s] DEBUG:colcon.colcon_core.package_identification:Package 'src/my_bot' with type 'ros.ament_cmake' and name 'my_bot'
[2.137s] Level 1:colcon.colcon_core.package_identification:_identify(src/voice_robot) by extensions ['ignore', 'ignore_ament_install']
[2.137s] Level 1:colcon.colcon_core.package_identification:_identify(src/voice_robot) by extension 'ignore'
[2.137s] Level 1:colcon.colcon_core.package_identification:_identify(src/voice_robot) by extension 'ignore_ament_install'
[2.137s] Level 1:colcon.colcon_core.package_identification:_identify(src/voice_robot) by extensions ['colcon_pkg']
[2.137s] Level 1:colcon.colcon_core.package_identification:_identify(src/voice_robot) by extension 'colcon_pkg'
[2.137s] Level 1:colcon.colcon_core.package_identification:_identify(src/voice_robot) by extensions ['colcon_meta']
[2.137s] Level 1:colcon.colcon_core.package_identification:_identify(src/voice_robot) by extension 'colcon_meta'
[2.137s] Level 1:colcon.colcon_core.package_identification:_identify(src/voice_robot) by extensions ['ros']
[2.137s] Level 1:colcon.colcon_core.package_identification:_identify(src/voice_robot) by extension 'ros'
[2.138s] Level 1:colcon.colcon_core.package_identification:_identify(src/voice_robot) by extensions ['cmake', 'python']
[2.138s] Level 1:colcon.colcon_core.package_identification:_identify(src/voice_robot) by extension 'cmake'
[2.138s] Level 1:colcon.colcon_core.package_identification:_identify(src/voice_robot) by extension 'python'
[2.138s] Level 1:colcon.colcon_core.package_identification:_identify(src/voice_robot) by extensions ['python_setup_py']
[2.138s] Level 1:colcon.colcon_core.package_identification:_identify(src/voice_robot) by extension 'python_setup_py'
[2.138s] Level 1:colcon.colcon_core.package_identification:_identify(src/voice_robot/logs) by extensions ['ignore', 'ignore_ament_install']
[2.138s] Level 1:colcon.colcon_core.package_identification:_identify(src/voice_robot/logs) by extension 'ignore'
[2.139s] Level 1:colcon.colcon_core.package_identification:_identify(src/voice_robot/logs) by extension 'ignore_ament_install'
[2.139s] Level 1:colcon.colcon_core.package_identification:_identify(src/voice_robot/logs) by extensions ['colcon_pkg']
[2.139s] Level 1:colcon.colcon_core.package_identification:_identify(src/voice_robot/logs) by extension 'colcon_pkg'
[2.139s] Level 1:colcon.colcon_core.package_identification:_identify(src/voice_robot/logs) by extensions ['colcon_meta']
[2.139s] Level 1:colcon.colcon_core.package_identification:_identify(src/voice_robot/logs) by extension 'colcon_meta'
[2.139s] Level 1:colcon.colcon_core.package_identification:_identify(src/voice_robot/logs) by extensions ['ros']
[2.139s] Level 1:colcon.colcon_core.package_identification:_identify(src/voice_robot/logs) by extension 'ros'
[2.139s] Level 1:colcon.colcon_core.package_identification:_identify(src/voice_robot/logs) by extensions ['cmake', 'python']
[2.139s] Level 1:colcon.colcon_core.package_identification:_identify(src/voice_robot/logs) by extension 'cmake'
[2.139s] Level 1:colcon.colcon_core.package_identification:_identify(src/voice_robot/logs) by extension 'python'
[2.139s] Level 1:colcon.colcon_core.package_identification:_identify(src/voice_robot/logs) by extensions ['python_setup_py']
[2.139s] Level 1:colcon.colcon_core.package_identification:_identify(src/voice_robot/logs) by extension 'python_setup_py'
[2.139s] Level 1:colcon.colcon_core.package_identification:_identify(src/voice_robot/src) by extensions ['ignore', 'ignore_ament_install']
[2.139s] Level 1:colcon.colcon_core.package_identification:_identify(src/voice_robot/src) by extension 'ignore'
[2.139s] Level 1:colcon.colcon_core.package_identification:_identify(src/voice_robot/src) by extension 'ignore_ament_install'
[2.139s] Level 1:colcon.colcon_core.package_identification:_identify(src/voice_robot/src) by extensions ['colcon_pkg']
[2.139s] Level 1:colcon.colcon_core.package_identification:_identify(src/voice_robot/src) by extension 'colcon_pkg'
[2.139s] Level 1:colcon.colcon_core.package_identification:_identify(src/voice_robot/src) by extensions ['colcon_meta']
[2.139s] Level 1:colcon.colcon_core.package_identification:_identify(src/voice_robot/src) by extension 'colcon_meta'
[2.139s] Level 1:colcon.colcon_core.package_identification:_identify(src/voice_robot/src) by extensions ['ros']
[2.139s] Level 1:colcon.colcon_core.package_identification:_identify(src/voice_robot/src) by extension 'ros'
[2.140s] Level 1:colcon.colcon_core.package_identification:_identify(src/voice_robot/src) by extensions ['cmake', 'python']
[2.140s] Level 1:colcon.colcon_core.package_identification:_identify(src/voice_robot/src) by extension 'cmake'
[2.140s] Level 1:colcon.colcon_core.package_identification:_identify(src/voice_robot/src) by extension 'python'
[2.140s] Level 1:colcon.colcon_core.package_identification:_identify(src/voice_robot/src) by extensions ['python_setup_py']
[2.140s] Level 1:colcon.colcon_core.package_identification:_identify(src/voice_robot/src) by extension 'python_setup_py'
[2.140s] Level 1:colcon.colcon_core.package_identification:_identify(src/voice_robot/src/__pycache__) by extensions ['ignore', 'ignore_ament_install']
[2.140s] Level 1:colcon.colcon_core.package_identification:_identify(src/voice_robot/src/__pycache__) by extension 'ignore'
[2.140s] Level 1:colcon.colcon_core.package_identification:_identify(src/voice_robot/src/__pycache__) by extension 'ignore_ament_install'
[2.140s] Level 1:colcon.colcon_core.package_identification:_identify(src/voice_robot/src/__pycache__) by extensions ['colcon_pkg']
[2.140s] Level 1:colcon.colcon_core.package_identification:_identify(src/voice_robot/src/__pycache__) by extension 'colcon_pkg'
[2.141s] Level 1:colcon.colcon_core.package_identification:_identify(src/voice_robot/src/__pycache__) by extensions ['colcon_meta']
[2.141s] Level 1:colcon.colcon_core.package_identification:_identify(src/voice_robot/src/__pycache__) by extension 'colcon_meta'
[2.141s] Level 1:colcon.colcon_core.package_identification:_identify(src/voice_robot/src/__pycache__) by extensions ['ros']
[2.141s] Level 1:colcon.colcon_core.package_identification:_identify(src/voice_robot/src/__pycache__) by extension 'ros'
[2.141s] Level 1:colcon.colcon_core.package_identification:_identify(src/voice_robot/src/__pycache__) by extensions ['cmake', 'python']
[2.141s] Level 1:colcon.colcon_core.package_identification:_identify(src/voice_robot/src/__pycache__) by extension 'cmake'
[2.141s] Level 1:colcon.colcon_core.package_identification:_identify(src/voice_robot/src/__pycache__) by extension 'python'
[2.141s] Level 1:colcon.colcon_core.package_identification:_identify(src/voice_robot/src/__pycache__) by extensions ['python_setup_py']
[2.141s] Level 1:colcon.colcon_core.package_identification:_identify(src/voice_robot/src/__pycache__) by extension 'python_setup_py'
[2.141s] Level 1:colcon.colcon_core.package_identification:_identify(src/voice_robot_pkg) by extensions ['ignore', 'ignore_ament_install']
[2.141s] Level 1:colcon.colcon_core.package_identification:_identify(src/voice_robot_pkg) by extension 'ignore'
[2.141s] Level 1:colcon.colcon_core.package_identification:_identify(src/voice_robot_pkg) by extension 'ignore_ament_install'
[2.141s] Level 1:colcon.colcon_core.package_identification:_identify(src/voice_robot_pkg) by extensions ['colcon_pkg']
[2.141s] Level 1:colcon.colcon_core.package_identification:_identify(src/voice_robot_pkg) by extension 'colcon_pkg'
[2.141s] Level 1:colcon.colcon_core.package_identification:_identify(src/voice_robot_pkg) by extensions ['colcon_meta']
[2.141s] Level 1:colcon.colcon_core.package_identification:_identify(src/voice_robot_pkg) by extension 'colcon_meta'
[2.141s] Level 1:colcon.colcon_core.package_identification:_identify(src/voice_robot_pkg) by extensions ['ros']
[2.141s] Level 1:colcon.colcon_core.package_identification:_identify(src/voice_robot_pkg) by extension 'ros'
[2.143s] DEBUG:colcon.colcon_core.package_identification:Package 'src/voice_robot_pkg' with type 'ros.ament_python' and name 'voice_robot_pkg'
[2.143s] Level 1:colcon.colcon_core.package_discovery:discover_packages(recursive) using defaults
[2.143s] Level 1:colcon.colcon_core.package_discovery:discover_packages(ignore) discover
[2.143s] Level 1:colcon.colcon_core.package_discovery:discover_packages(ignore) using defaults
[2.143s] Level 1:colcon.colcon_core.package_discovery:discover_packages(path) discover
[2.143s] Level 1:colcon.colcon_core.package_discovery:discover_packages(path) using defaults
[2.212s] Level 1:colcon.colcon_core.package_discovery:discover_packages(prefix_path) check parameters
[2.213s] Level 1:colcon.colcon_core.package_discovery:discover_packages(prefix_path) discover
[2.230s] DEBUG:colcon.colcon_installed_package_information.package_discovery:Found 1 installed packages in /home/tanvi/ros2_ws/install
[2.232s] DEBUG:colcon.colcon_installed_package_information.package_discovery:Found 1 installed packages in /home/tanvi/robot_ws/install
[2.238s] DEBUG:colcon.colcon_installed_package_information.package_discovery:Found 440 installed packages in /opt/ros/humble
[2.256s] Level 1:colcon.colcon_core.package_discovery:discover_packages(prefix_path) using defaults
[2.609s] Level 5:colcon.colcon_core.verb:set package 'my_bot' build argument 'cmake_args' from command line to 'None'
[2.609s] Level 5:colcon.colcon_core.verb:set package 'my_bot' build argument 'cmake_target' from command line to 'None'
[2.609s] Level 5:colcon.colcon_core.verb:set package 'my_bot' build argument 'cmake_target_skip_unavailable' from command line to 'False'
[2.609s] Level 5:colcon.colcon_core.verb:set package 'my_bot' build argument 'cmake_clean_cache' from command line to 'False'
[2.609s] Level 5:colcon.colcon_core.verb:set package 'my_bot' build argument 'cmake_clean_first' from command line to 'False'
[2.610s] Level 5:colcon.colcon_core.verb:set package 'my_bot' build argument 'cmake_force_configure' from command line to 'False'
[2.610s] Level 5:colcon.colcon_core.verb:set package 'my_bot' build argument 'ament_cmake_args' from command line to 'None'
[2.610s] Level 5:colcon.colcon_core.verb:set package 'my_bot' build argument 'catkin_cmake_args' from command line to 'None'
[2.610s] Level 5:colcon.colcon_core.verb:set package 'my_bot' build argument 'catkin_skip_building_tests' from command line to 'False'
[2.610s] DEBUG:colcon.colcon_core.verb:Building package 'my_bot' with the following arguments: {'ament_cmake_args': None, 'build_base': '/home/tanvi/ros2_ws/build/my_bot', 'catkin_cmake_args': None, 'catkin_skip_building_tests': False, 'cmake_args': None, 'cmake_clean_cache': False, 'cmake_clean_first': False, 'cmake_force_configure': False, 'cmake_target': None, 'cmake_target_skip_unavailable': False, 'install_base': '/home/tanvi/ros2_ws/install/my_bot', 'merge_install': False, 'path': '/home/tanvi/ros2_ws/src/my_bot', 'symlink_install': False, 'test_result_base': None}
[2.610s] Level 5:colcon.colcon_core.verb:set package 'voice_robot_pkg' build argument 'cmake_args' from command line to 'None'
[2.611s] Level 5:colcon.colcon_core.verb:set package 'voice_robot_pkg' build argument 'cmake_target' from command line to 'None'
[2.611s] Level 5:colcon.colcon_core.verb:set package 'voice_robot_pkg' build argument 'cmake_target_skip_unavailable' from command line to 'False'
[2.611s] Level 5:colcon.colcon_core.verb:set package 'voice_robot_pkg' build argument 'cmake_clean_cache' from command line to 'False'
[2.611s] Level 5:colcon.colcon_core.verb:set package 'voice_robot_pkg' build argument 'cmake_clean_first' from command line to 'False'
[2.611s] Level 5:colcon.colcon_core.verb:set package 'voice_robot_pkg' build argument 'cmake_force_configure' from command line to 'False'
[2.611s] Level 5:colcon.colcon_core.verb:set package 'voice_robot_pkg' build argument 'ament_cmake_args' from command line to 'None'
[2.611s] Level 5:colcon.colcon_core.verb:set package 'voice_robot_pkg' build argument 'catkin_cmake_args' from command line to 'None'
[2.611s] Level 5:colcon.colcon_core.verb:set package 'voice_robot_pkg' build argument 'catkin_skip_building_tests' from command line to 'False'
[2.611s] DEBUG:colcon.colcon_core.verb:Building package 'voice_robot_pkg' with the following arguments: {'ament_cmake_args': None, 'build_base': '/home/tanvi/ros2_ws/build/voice_robot_pkg', 'catkin_cmake_args': None, 'catkin_skip_building_tests': False, 'cmake_args': None, 'cmake_clean_cache': False, 'cmake_clean_first': False, 'cmake_force_configure': False, 'cmake_target': None, 'cmake_target_skip_unavailable': False, 'install_base': '/home/tanvi/ros2_ws/install/voice_robot_pkg', 'merge_install': False, 'path': '/home/tanvi/ros2_ws/src/voice_robot_pkg', 'symlink_install': False, 'test_result_base': None}
[2.611s] INFO:colcon.colcon_core.executor:Executing jobs using 'parallel' executor
[2.615s] DEBUG:colcon.colcon_parallel_executor.executor.parallel:run_until_complete
[2.617s] INFO:colcon.colcon_ros.task.ament_cmake.build:Building ROS package in '/home/tanvi/ros2_ws/src/my_bot' with build type 'ament_cmake'
[2.617s] INFO:colcon.colcon_cmake.task.cmake.build:Building CMake package in '/home/tanvi/ros2_ws/src/my_bot'
[2.636s] INFO:colcon.colcon_core.plugin_system:Skipping extension 'colcon_core.shell.bat': Not used on non-Windows systems
[2.637s] INFO:colcon.colcon_core.shell:Skip shell extension 'powershell' for command environment: Not usable outside of PowerShell
[2.637s] DEBUG:colcon.colcon_core.shell:Skip shell extension 'dsv' for command environment
[2.653s] INFO:colcon.colcon_ros.task.ament_python.build:Building ROS package in '/home/tanvi/ros2_ws/src/voice_robot_pkg' with build type 'ament_python'
[2.654s] Level 1:colcon.colcon_core.shell:create_environment_hook('voice_robot_pkg', 'ament_prefix_path')
[2.655s] INFO:colcon.colcon_core.shell:Creating environment hook '/home/tanvi/ros2_ws/install/voice_robot_pkg/share/voice_robot_pkg/hook/ament_prefix_path.ps1'
[2.662s] INFO:colcon.colcon_core.shell:Creating environment descriptor '/home/tanvi/ros2_ws/install/voice_robot_pkg/share/voice_robot_pkg/hook/ament_prefix_path.dsv'
[2.665s] INFO:colcon.colcon_core.shell:Creating environment hook '/home/tanvi/ros2_ws/install/voice_robot_pkg/share/voice_robot_pkg/hook/ament_prefix_path.sh'
[2.669s] INFO:colcon.colcon_core.shell:Skip shell extension 'powershell' for command environment: Not usable outside of PowerShell
[2.669s] DEBUG:colcon.colcon_core.shell:Skip shell extension 'dsv' for command environment
[2.700s] DEBUG:colcon.colcon_core.event_handler.log_command:Invoking command in '/home/tanvi/ros2_ws/build/my_bot': CMAKE_PREFIX_PATH=${CMAKE_PREFIX_PATH}:/home/tanvi/robot_ws/install/delivery_robot:/opt/ros/humble /usr/bin/cmake --build /home/tanvi/ros2_ws/build/my_bot -- -j12 -l12
[3.224s] INFO:colcon.colcon_core.task.python.build:Building Python package in '/home/tanvi/ros2_ws/src/voice_robot_pkg'
[3.225s] INFO:colcon.colcon_core.shell:Skip shell extension 'powershell' for command environment: Not usable outside of PowerShell
[3.225s] DEBUG:colcon.colcon_core.shell:Skip shell extension 'dsv' for command environment
[3.238s] DEBUG:colcon.colcon_core.event_handler.log_command:Invoked command in '/home/tanvi/ros2_ws/build/my_bot' returned '0': CMAKE_PREFIX_PATH=${CMAKE_PREFIX_PATH}:/home/tanvi/robot_ws/install/delivery_robot:/opt/ros/humble /usr/bin/cmake --build /home/tanvi/ros2_ws/build/my_bot -- -j12 -l12
[3.268s] DEBUG:colcon.colcon_core.event_handler.log_command:Invoking command in '/home/tanvi/ros2_ws/build/my_bot': CMAKE_PREFIX_PATH=${CMAKE_PREFIX_PATH}:/home/tanvi/robot_ws/install/delivery_robot:/opt/ros/humble /usr/bin/cmake --install /home/tanvi/ros2_ws/build/my_bot
[3.314s] Level 1:colcon.colcon_core.environment:create_environment_scripts_only(my_bot)
[3.315s] DEBUG:colcon.colcon_core.event_handler.log_command:Invoked command in '/home/tanvi/ros2_ws/build/my_bot' returned '0': CMAKE_PREFIX_PATH=${CMAKE_PREFIX_PATH}:/home/tanvi/robot_ws/install/delivery_robot:/opt/ros/humble /usr/bin/cmake --install /home/tanvi/ros2_ws/build/my_bot
[3.344s] Level 1:colcon.colcon_core.environment:checking '/home/tanvi/ros2_ws/install/my_bot' for CMake module files
[3.347s] Level 1:colcon.colcon_core.environment:checking '/home/tanvi/ros2_ws/install/my_bot' for CMake config files
[3.354s] Level 1:colcon.colcon_core.shell:create_environment_hook('my_bot', 'cmake_prefix_path')
[3.355s] INFO:colcon.colcon_core.shell:Creating environment hook '/home/tanvi/ros2_ws/install/my_bot/share/my_bot/hook/cmake_prefix_path.ps1'
[3.356s] INFO:colcon.colcon_core.shell:Creating environment descriptor '/home/tanvi/ros2_ws/install/my_bot/share/my_bot/hook/cmake_prefix_path.dsv'
[3.357s] INFO:colcon.colcon_core.shell:Creating environment hook '/home/tanvi/ros2_ws/install/my_bot/share/my_bot/hook/cmake_prefix_path.sh'
[3.359s] Level 1:colcon.colcon_core.environment:checking '/home/tanvi/ros2_ws/install/my_bot/lib'
[3.360s] Level 1:colcon.colcon_core.environment:checking '/home/tanvi/ros2_ws/install/my_bot/bin'
[3.360s] Level 1:colcon.colcon_core.environment:checking '/home/tanvi/ros2_ws/install/my_bot/lib/pkgconfig/my_bot.pc'
[3.361s] Level 1:colcon.colcon_core.environment:checking '/home/tanvi/ros2_ws/install/my_bot/lib/python3.10/site-packages'
[3.361s] Level 1:colcon.colcon_core.environment:checking '/home/tanvi/ros2_ws/install/my_bot/bin'
[3.362s] INFO:colcon.colcon_core.shell:Creating package script '/home/tanvi/ros2_ws/install/my_bot/share/my_bot/package.ps1'
[3.365s] INFO:colcon.colcon_core.shell:Creating package descriptor '/home/tanvi/ros2_ws/install/my_bot/share/my_bot/package.dsv'
[3.367s] INFO:colcon.colcon_core.shell:Creating package script '/home/tanvi/ros2_ws/install/my_bot/share/my_bot/package.sh'
[3.369s] INFO:colcon.colcon_core.shell:Creating package script '/home/tanvi/ros2_ws/install/my_bot/share/my_bot/package.bash'
[3.372s] INFO:colcon.colcon_core.shell:Creating package script '/home/tanvi/ros2_ws/install/my_bot/share/my_bot/package.zsh'
[3.373s] Level 1:colcon.colcon_core.environment:create_file_with_runtime_dependencies(/home/tanvi/ros2_ws/install/my_bot/share/colcon-core/packages/my_bot)
[3.375s] Level 1:colcon.colcon_core.environment:create_environment_scripts_only(my_bot)
[3.376s] Level 1:colcon.colcon_core.environment:checking '/home/tanvi/ros2_ws/install/my_bot' for CMake module files
[3.377s] Level 1:colcon.colcon_core.environment:checking '/home/tanvi/ros2_ws/install/my_bot' for CMake config files
[3.377s] Level 1:colcon.colcon_core.shell:create_environment_hook('my_bot', 'cmake_prefix_path')
[3.378s] INFO:colcon.colcon_core.shell:Creating environment hook '/home/tanvi/ros2_ws/install/my_bot/share/my_bot/hook/cmake_prefix_path.ps1'
[3.379s] INFO:colcon.colcon_core.shell:Creating environment descriptor '/home/tanvi/ros2_ws/install/my_bot/share/my_bot/hook/cmake_prefix_path.dsv'
[3.380s] INFO:colcon.colcon_core.shell:Creating environment hook '/home/tanvi/ros2_ws/install/my_bot/share/my_bot/hook/cmake_prefix_path.sh'
[3.381s] Level 1:colcon.colcon_core.environment:checking '/home/tanvi/ros2_ws/install/my_bot/lib'
[3.381s] Level 1:colcon.colcon_core.environment:checking '/home/tanvi/ros2_ws/install/my_bot/bin'
[3.381s] Level 1:colcon.colcon_core.environment:checking '/home/tanvi/ros2_ws/install/my_bot/lib/pkgconfig/my_bot.pc'
[3.381s] Level 1:colcon.colcon_core.environment:checking '/home/tanvi/ros2_ws/install/my_bot/lib/python3.10/site-packages'
[3.382s] Level 1:colcon.colcon_core.environment:checking '/home/tanvi/ros2_ws/install/my_bot/bin'
[3.382s] INFO:colcon.colcon_core.shell:Creating package script '/home/tanvi/ros2_ws/install/my_bot/share/my_bot/package.ps1'
[3.383s] INFO:colcon.colcon_core.shell:Creating package descriptor '/home/tanvi/ros2_ws/install/my_bot/share/my_bot/package.dsv'
[3.384s] INFO:colcon.colcon_core.shell:Creating package script '/home/tanvi/ros2_ws/install/my_bot/share/my_bot/package.sh'
[3.384s] INFO:colcon.colcon_core.shell:Creating package script '/home/tanvi/ros2_ws/install/my_bot/share/my_bot/package.bash'
[3.385s] INFO:colcon.colcon_core.shell:Creating package script '/home/tanvi/ros2_ws/install/my_bot/share/my_bot/package.zsh'
[3.385s] Level 1:colcon.colcon_core.environment:create_file_with_runtime_dependencies(/home/tanvi/ros2_ws/install/my_bot/share/colcon-core/packages/my_bot)
[4.735s] DEBUG:colcon.colcon_core.event_handler.log_command:Invoking command in '/home/tanvi/ros2_ws/src/voice_robot_pkg': PYTHONPATH=/home/tanvi/ros2_ws/build/voice_robot_pkg/prefix_override:/usr/lib/python3/dist-packages/colcon_core/task/python/colcon_distutils_commands:/home/tanvi/ros2_ws/install/voice_robot_pkg/lib/python3.10/site-packages:${PYTHONPATH} /usr/bin/python3 -W ignore:setup.py install is deprecated -W ignore:easy_install command is deprecated setup.py egg_info --egg-base ../../build/voice_robot_pkg build --build-base /home/tanvi/ros2_ws/build/voice_robot_pkg/build install --record /home/tanvi/ros2_ws/build/voice_robot_pkg/install.log --single-version-externally-managed install_data
[5.426s] Level 1:colcon.colcon_core.environment:checking '/home/tanvi/ros2_ws/install/voice_robot_pkg' for CMake module files
[5.427s] DEBUG:colcon.colcon_core.event_handler.log_command:Invoked command in '/home/tanvi/ros2_ws/src/voice_robot_pkg' returned '0': PYTHONPATH=/home/tanvi/ros2_ws/build/voice_robot_pkg/prefix_override:/usr/lib/python3/dist-packages/colcon_core/task/python/colcon_distutils_commands:/home/tanvi/ros2_ws/install/voice_robot_pkg/lib/python3.10/site-packages:${PYTHONPATH} /usr/bin/python3 -W ignore:setup.py install is deprecated -W ignore:easy_install command is deprecated setup.py egg_info --egg-base ../../build/voice_robot_pkg build --build-base /home/tanvi/ros2_ws/build/voice_robot_pkg/build install --record /home/tanvi/ros2_ws/build/voice_robot_pkg/install.log --single-version-externally-managed install_data
[5.428s] Level 1:colcon.colcon_core.environment:checking '/home/tanvi/ros2_ws/install/voice_robot_pkg' for CMake config files
[5.429s] Level 1:colcon.colcon_core.environment:checking '/home/tanvi/ros2_ws/install/voice_robot_pkg/lib'
[5.429s] Level 1:colcon.colcon_core.environment:checking '/home/tanvi/ros2_ws/install/voice_robot_pkg/bin'
[5.430s] Level 1:colcon.colcon_core.environment:checking '/home/tanvi/ros2_ws/install/voice_robot_pkg/lib/pkgconfig/voice_robot_pkg.pc'
[5.430s] Level 1:colcon.colcon_core.environment:checking '/home/tanvi/ros2_ws/install/voice_robot_pkg/lib/python3.10/site-packages'
[5.430s] Level 1:colcon.colcon_core.shell:create_environment_hook('voice_robot_pkg', 'pythonpath')
[5.431s] INFO:colcon.colcon_core.shell:Creating environment hook '/home/tanvi/ros2_ws/install/voice_robot_pkg/share/voice_robot_pkg/hook/pythonpath.ps1'
[5.433s] INFO:colcon.colcon_core.shell:Creating environment descriptor '/home/tanvi/ros2_ws/install/voice_robot_pkg/share/voice_robot_pkg/hook/pythonpath.dsv'
[5.433s] INFO:colcon.colcon_core.shell:Creating environment hook '/home/tanvi/ros2_ws/install/voice_robot_pkg/share/voice_robot_pkg/hook/pythonpath.sh'
[5.435s] Level 1:colcon.colcon_core.environment:checking '/home/tanvi/ros2_ws/install/voice_robot_pkg/bin'
[5.435s] Level 1:colcon.colcon_core.environment:create_environment_scripts_only(voice_robot_pkg)
[5.436s] INFO:colcon.colcon_core.shell:Creating package script '/home/tanvi/ros2_ws/install/voice_robot_pkg/share/voice_robot_pkg/package.ps1'
[5.437s] INFO:colcon.colcon_core.shell:Creating package descriptor '/home/tanvi/ros2_ws/install/voice_robot_pkg/share/voice_robot_pkg/package.dsv'
[5.437s] INFO:colcon.colcon_core.shell:Creating package script '/home/tanvi/ros2_ws/install/voice_robot_pkg/share/voice_robot_pkg/package.sh'
[5.438s] INFO:colcon.colcon_core.shell:Creating package script '/home/tanvi/ros2_ws/install/voice_robot_pkg/share/voice_robot_pkg/package.bash'
[5.439s] INFO:colcon.colcon_core.shell:Creating package script '/home/tanvi/ros2_ws/install/voice_robot_pkg/share/voice_robot_pkg/package.zsh'
[5.440s] Level 1:colcon.colcon_core.environment:create_file_with_runtime_dependencies(/home/tanvi/ros2_ws/install/voice_robot_pkg/share/colcon-core/packages/voice_robot_pkg)
[5.443s] DEBUG:colcon.colcon_parallel_executor.executor.parallel:closing loop
[5.443s] DEBUG:colcon.colcon_parallel_executor.executor.parallel:loop closed
[5.443s] DEBUG:colcon.colcon_parallel_executor.executor.parallel:run_until_complete finished with '0'
[5.443s] DEBUG:colcon.colcon_core.event_reactor:joining thread
[5.726s] INFO:colcon.colcon_core.plugin_system:Skipping extension 'colcon_notification.desktop_notification.notify_send': Could not find 'notify-send'
[5.727s] INFO:colcon.colcon_core.plugin_system:Skipping extension 'colcon_notification.desktop_notification.terminal_notifier': Not used on non-Darwin systems
[5.727s] INFO:colcon.colcon_core.plugin_system:Skipping extension 'colcon_notification.desktop_notification.win32': Not used on non-Windows systems
[5.727s] INFO:colcon.colcon_notification.desktop_notification:Sending desktop notification using 'notify2'
[5.727s] DEBUG:colcon.colcon_notification.desktop_notification.notify2:Failed to initialize notify2: org.freedesktop.DBus.Error.FileNotFound: Failed to connect to socket /run/user/1000/bus: No such file or directory
[5.728s] DEBUG:colcon.colcon_core.event_reactor:joined thread
[5.728s] INFO:colcon.colcon_core.shell:Creating prefix script '/home/tanvi/ros2_ws/install/local_setup.ps1'
[5.731s] INFO:colcon.colcon_core.shell:Creating prefix util module '/home/tanvi/ros2_ws/install/_local_setup_util_ps1.py'
[5.735s] INFO:colcon.colcon_core.shell:Creating prefix chain script '/home/tanvi/ros2_ws/install/setup.ps1'
[5.737s] INFO:colcon.colcon_core.shell:Creating prefix script '/home/tanvi/ros2_ws/install/local_setup.sh'
[5.739s] INFO:colcon.colcon_core.shell:Creating prefix util module '/home/tanvi/ros2_ws/install/_local_setup_util_sh.py'
[5.742s] INFO:colcon.colcon_core.shell:Creating prefix chain script '/home/tanvi/ros2_ws/install/setup.sh'
[5.745s] INFO:colcon.colcon_core.shell:Creating prefix script '/home/tanvi/ros2_ws/install/local_setup.bash'
[5.746s] INFO:colcon.colcon_core.shell:Creating prefix chain script '/home/tanvi/ros2_ws/install/setup.bash'
[5.750s] INFO:colcon.colcon_core.shell:Creating prefix script '/home/tanvi/ros2_ws/install/local_setup.zsh'
[5.752s] INFO:colcon.colcon_core.shell:Creating prefix chain script '/home/tanvi/ros2_ws/install/setup.zsh'
