[0.045s] Invoking command in '/home/tanvi/ros2_ws/build/my_bot': CMAKE_PREFIX_PATH=/home/tanvi/robot_ws/install/delivery_robot:/opt/ros/humble /usr/bin/cmake /home/tanvi/ros2_ws/src/my_bot -DCMAKE_INSTALL_PREFIX=/home/tanvi/ros2_ws/install/my_bot
[0.913s] -- The C compiler identification is GNU 11.4.0
[2.460s] -- The CXX compiler identification is GNU 11.4.0
[3.896s] -- Detecting C compiler ABI info
[4.316s] -- Detecting C compiler ABI info - done
[4.321s] -- Check for working C compiler: /usr/bin/cc - skipped
[4.322s] -- Detecting C compile features
[4.324s] -- Detecting C compile features - done
[4.330s] -- Detecting CXX compiler ABI info
[5.138s] -- Detecting CXX compiler ABI info - done
[5.144s] -- Check for working CXX compiler: /usr/bin/c++ - skipped
[5.144s] -- Detecting CXX compile features
[5.144s] -- Detecting CXX compile features - done
[5.169s] -- Found ament_cmake: 1.3.14 (/opt/ros/humble/share/ament_cmake/cmake)
[5.311s] -- Found Python3: /usr/bin/python3 (found version "3.10.12") found components: Interpreter 
[5.453s] -- Found ament_lint_auto: 0.12.15 (/opt/ros/humble/share/ament_lint_auto/cmake)
[5.547s] -- Added test 'copyright' to check source files copyright and LICENSE
[5.552s] -- Added test 'flake8' to check Python code syntax and style conventions
[5.553s] -- Added test 'lint_cmake' to check CMake code style
[5.555s] -- Added test 'pep257' to check Python code against some of the docstring style conventions in PEP 257
[5.559s] -- Added test 'xmllint' to check XML markup files
[5.564s] -- Configuring done
[5.570s] -- Generating done
[5.573s] -- Build files have been written to: /home/tanvi/ros2_ws/build/my_bot
[5.578s] Invoked command in '/home/tanvi/ros2_ws/build/my_bot' returned '0': CMAKE_PREFIX_PATH=/home/tanvi/robot_ws/install/delivery_robot:/opt/ros/humble /usr/bin/cmake /home/tanvi/ros2_ws/src/my_bot -DCMAKE_INSTALL_PREFIX=/home/tanvi/ros2_ws/install/my_bot
[5.579s] Invoking command in '/home/tanvi/ros2_ws/build/my_bot': CMAKE_PREFIX_PATH=/home/tanvi/robot_ws/install/delivery_robot:/opt/ros/humble /usr/bin/cmake --build /home/tanvi/ros2_ws/build/my_bot -- -j12 -l12
[5.642s] Invoked command in '/home/tanvi/ros2_ws/build/my_bot' returned '0': CMAKE_PREFIX_PATH=/home/tanvi/robot_ws/install/delivery_robot:/opt/ros/humble /usr/bin/cmake --build /home/tanvi/ros2_ws/build/my_bot -- -j12 -l12
[5.654s] Invoking command in '/home/tanvi/ros2_ws/build/my_bot': CMAKE_PREFIX_PATH=/home/tanvi/robot_ws/install/delivery_robot:/opt/ros/humble /usr/bin/cmake --install /home/tanvi/ros2_ws/build/my_bot
[5.659s] -- Install configuration: ""
[5.659s] -- Installing: /home/tanvi/ros2_ws/install/my_bot/share/my_bot/urdf
[5.660s] -- Installing: /home/tanvi/ros2_ws/install/my_bot/share/my_bot/urdf/my_bot.urdf.xacro
[5.660s] -- Installing: /home/tanvi/ros2_ws/install/my_bot/share/my_bot/urdf/my_bot.urdf.save
[5.660s] -- Installing: /home/tanvi/ros2_ws/install/my_bot/share/my_bot/urdf/my_bot.urdf
[5.662s] -- Installing: /home/tanvi/ros2_ws/install/my_bot/share/my_bot/launch
[5.662s] -- Installing: /home/tanvi/ros2_ws/install/my_bot/share/my_bot/launch/rsp.launch.py
[5.663s] -- Installing: /home/tanvi/ros2_ws/install/my_bot/share/my_bot/launch/gazebo.launch.py
[5.664s] -- Installing: /home/tanvi/ros2_ws/install/my_bot/share/my_bot/launch/display.launch.py
[5.664s] -- Installing: /home/tanvi/ros2_ws/install/my_bot/share/my_bot/worlds
[5.664s] -- Installing: /home/tanvi/ros2_ws/install/my_bot/share/my_bot/worlds/my_world.world
[5.666s] -- Installing: /home/tanvi/ros2_ws/install/my_bot/share/my_bot/worlds/empty.sdf
[5.666s] -- Installing: /home/tanvi/ros2_ws/install/my_bot/lib/my_bot/multi_goal_nav.py
[5.667s] -- Installing: /home/tanvi/ros2_ws/install/my_bot/lib/my_bot/imu_odom.py
[5.668s] -- Installing: /home/tanvi/ros2_ws/install/my_bot/lib/my_bot/move_robot.py
[5.668s] -- Installing: /home/tanvi/ros2_ws/install/my_bot/share/ament_index/resource_index/package_run_dependencies/my_bot
[5.668s] -- Installing: /home/tanvi/ros2_ws/install/my_bot/share/ament_index/resource_index/parent_prefix_path/my_bot
[5.669s] -- Installing: /home/tanvi/ros2_ws/install/my_bot/share/my_bot/environment/ament_prefix_path.sh
[5.669s] -- Installing: /home/tanvi/ros2_ws/install/my_bot/share/my_bot/environment/ament_prefix_path.dsv
[5.669s] -- Installing: /home/tanvi/ros2_ws/install/my_bot/share/my_bot/environment/path.sh
[5.669s] -- Installing: /home/tanvi/ros2_ws/install/my_bot/share/my_bot/environment/path.dsv
[5.669s] -- Installing: /home/tanvi/ros2_ws/install/my_bot/share/my_bot/local_setup.bash
[5.669s] -- Installing: /home/tanvi/ros2_ws/install/my_bot/share/my_bot/local_setup.sh
[5.670s] -- Installing: /home/tanvi/ros2_ws/install/my_bot/share/my_bot/local_setup.zsh
[5.670s] -- Installing: /home/tanvi/ros2_ws/install/my_bot/share/my_bot/local_setup.dsv
[5.670s] -- Installing: /home/tanvi/ros2_ws/install/my_bot/share/my_bot/package.dsv
[5.670s] -- Installing: /home/tanvi/ros2_ws/install/my_bot/share/ament_index/resource_index/packages/my_bot
[5.670s] -- Installing: /home/tanvi/ros2_ws/install/my_bot/share/my_bot/cmake/my_botConfig.cmake
[5.671s] -- Installing: /home/tanvi/ros2_ws/install/my_bot/share/my_bot/cmake/my_botConfig-version.cmake
[5.671s] -- Installing: /home/tanvi/ros2_ws/install/my_bot/share/my_bot/package.xml
[5.672s] Invoked command in '/home/tanvi/ros2_ws/build/my_bot' returned '0': CMAKE_PREFIX_PATH=/home/tanvi/robot_ws/install/delivery_robot:/opt/ros/humble /usr/bin/cmake --install /home/tanvi/ros2_ws/build/my_bot
