[2.545s] DEBUG:colcon:Command line arguments: ['/usr/bin/colcon', 'build']
[2.545s] DEBUG:colcon:Parsed command line arguments: Namespace(log_base=None, log_level=None, verb_name='build', build_base='build', install_base='install', merge_install=False, symlink_install=False, test_result_base=None, continue_on_error=False, executor='parallel', parallel_workers=12, event_handlers=None, ignore_user_meta=False, metas=['./colcon.meta'], base_paths=['.'], packages_ignore=None, packages_ignore_regex=None, paths=None, packages_up_to=None, packages_up_to_regex=None, packages_above=None, packages_above_and_dependencies=None, packages_above_depth=None, packages_select_by_dep=None, packages_skip_by_dep=None, packages_skip_up_to=None, packages_select_build_failed=False, packages_skip_build_finished=False, packages_select_test_failures=False, packages_skip_test_passed=False, packages_select=None, packages_skip=None, packages_select_regex=None, packages_skip_regex=None, packages_start=None, packages_end=None, allow_overriding=[], cmake_args=None, cmake_target=None, cmake_target_skip_unavailable=False, cmake_clean_cache=False, cmake_clean_first=False, cmake_force_configure=False, ament_cmake_args=None, catkin_cmake_args=None, catkin_skip_building_tests=False, verb_parser=<colcon_defaults.argument_parser.defaults.DefaultArgumentsDecorator object at 0x7c93ab849330>, verb_extension=<colcon_core.verb.build.BuildVerb object at 0x7c93ab9d71f0>, main=<bound method BuildVerb.main of <colcon_core.verb.build.BuildVerb object at 0x7c93ab9d71f0>>)
[4.061s] Level 1:colcon.colcon_core.package_discovery:discover_packages(colcon_meta) check parameters
[4.062s] Level 1:colcon.colcon_core.package_discovery:discover_packages(recursive) check parameters
[4.062s] Level 1:colcon.colcon_core.package_discovery:discover_packages(ignore) check parameters
[4.062s] Level 1:colcon.colcon_core.package_discovery:discover_packages(path) check parameters
[4.062s] Level 1:colcon.colcon_core.package_discovery:discover_packages(colcon_meta) discover
[4.062s] Level 1:colcon.colcon_core.package_discovery:discover_packages(recursive) discover
[4.062s] INFO:colcon.colcon_core.package_discovery:Crawling recursively for packages in '/home/tanvi/ros2_ws'
[4.064s] Level 1:colcon.colcon_core.package_identification:_identify(.) by extensions ['ignore', 'ignore_ament_install']
[4.065s] Level 1:colcon.colcon_core.package_identification:_identify(.) by extension 'ignore'
[4.065s] Level 1:colcon.colcon_core.package_identification:_identify(.) by extension 'ignore_ament_install'
[4.065s] Level 1:colcon.colcon_core.package_identification:_identify(.) by extensions ['colcon_pkg']
[4.065s] Level 1:colcon.colcon_core.package_identification:_identify(.) by extension 'colcon_pkg'
[4.065s] Level 1:colcon.colcon_core.package_identification:_identify(.) by extensions ['colcon_meta']
[4.065s] Level 1:colcon.colcon_core.package_identification:_identify(.) by extension 'colcon_meta'
[4.065s] Level 1:colcon.colcon_core.package_identification:_identify(.) by extensions ['ros']
[4.065s] Level 1:colcon.colcon_core.package_identification:_identify(.) by extension 'ros'
[4.112s] Level 1:colcon.colcon_core.package_identification:_identify(.) by extensions ['cmake', 'python']
[4.113s] Level 1:colcon.colcon_core.package_identification:_identify(.) by extension 'cmake'
[4.113s] Level 1:colcon.colcon_core.package_identification:_identify(.) by extension 'python'
[4.113s] Level 1:colcon.colcon_core.package_identification:_identify(.) by extensions ['python_setup_py']
[4.113s] Level 1:colcon.colcon_core.package_identification:_identify(.) by extension 'python_setup_py'
[4.114s] Level 1:colcon.colcon_core.package_identification:_identify(build) by extensions ['ignore', 'ignore_ament_install']
[4.114s] Level 1:colcon.colcon_core.package_identification:_identify(build) by extension 'ignore'
[4.114s] Level 1:colcon.colcon_core.package_identification:_identify(build) ignored
[4.116s] Level 1:colcon.colcon_core.package_identification:_identify(install) by extensions ['ignore', 'ignore_ament_install']
[4.116s] Level 1:colcon.colcon_core.package_identification:_identify(install) by extension 'ignore'
[4.116s] Level 1:colcon.colcon_core.package_identification:_identify(install) ignored
[4.116s] Level 1:colcon.colcon_core.package_identification:_identify(log) by extensions ['ignore', 'ignore_ament_install']
[4.116s] Level 1:colcon.colcon_core.package_identification:_identify(log) by extension 'ignore'
[4.116s] Level 1:colcon.colcon_core.package_identification:_identify(log) ignored
[4.119s] Level 1:colcon.colcon_core.package_identification:_identify(src) by extensions ['ignore', 'ignore_ament_install']
[4.119s] Level 1:colcon.colcon_core.package_identification:_identify(src) by extension 'ignore'
[4.120s] Level 1:colcon.colcon_core.package_identification:_identify(src) by extension 'ignore_ament_install'
[4.120s] Level 1:colcon.colcon_core.package_identification:_identify(src) by extensions ['colcon_pkg']
[4.120s] Level 1:colcon.colcon_core.package_identification:_identify(src) by extension 'colcon_pkg'
[4.120s] Level 1:colcon.colcon_core.package_identification:_identify(src) by extensions ['colcon_meta']
[4.120s] Level 1:colcon.colcon_core.package_identification:_identify(src) by extension 'colcon_meta'
[4.120s] Level 1:colcon.colcon_core.package_identification:_identify(src) by extensions ['ros']
[4.120s] Level 1:colcon.colcon_core.package_identification:_identify(src) by extension 'ros'
[4.120s] Level 1:colcon.colcon_core.package_identification:_identify(src) by extensions ['cmake', 'python']
[4.120s] Level 1:colcon.colcon_core.package_identification:_identify(src) by extension 'cmake'
[4.120s] Level 1:colcon.colcon_core.package_identification:_identify(src) by extension 'python'
[4.120s] Level 1:colcon.colcon_core.package_identification:_identify(src) by extensions ['python_setup_py']
[4.120s] Level 1:colcon.colcon_core.package_identification:_identify(src) by extension 'python_setup_py'
[4.124s] Level 1:colcon.colcon_core.package_identification:_identify(src/my_bot) by extensions ['ignore', 'ignore_ament_install']
[4.124s] Level 1:colcon.colcon_core.package_identification:_identify(src/my_bot) by extension 'ignore'
[4.124s] Level 1:colcon.colcon_core.package_identification:_identify(src/my_bot) by extension 'ignore_ament_install'
[4.124s] Level 1:colcon.colcon_core.package_identification:_identify(src/my_bot) by extensions ['colcon_pkg']
[4.124s] Level 1:colcon.colcon_core.package_identification:_identify(src/my_bot) by extension 'colcon_pkg'
[4.124s] Level 1:colcon.colcon_core.package_identification:_identify(src/my_bot) by extensions ['colcon_meta']
[4.125s] Level 1:colcon.colcon_core.package_identification:_identify(src/my_bot) by extension 'colcon_meta'
[4.125s] Level 1:colcon.colcon_core.package_identification:_identify(src/my_bot) by extensions ['ros']
[4.125s] Level 1:colcon.colcon_core.package_identification:_identify(src/my_bot) by extension 'ros'
[4.136s] DEBUG:colcon.colcon_core.package_identification:Package 'src/my_bot' with type 'ros.ament_cmake' and name 'my_bot'
[4.138s] Level 1:colcon.colcon_core.package_identification:_identify(src/voice_robot) by extensions ['ignore', 'ignore_ament_install']
[4.139s] Level 1:colcon.colcon_core.package_identification:_identify(src/voice_robot) by extension 'ignore'
[4.139s] Level 1:colcon.colcon_core.package_identification:_identify(src/voice_robot) by extension 'ignore_ament_install'
[4.139s] Level 1:colcon.colcon_core.package_identification:_identify(src/voice_robot) by extensions ['colcon_pkg']
[4.139s] Level 1:colcon.colcon_core.package_identification:_identify(src/voice_robot) by extension 'colcon_pkg'
[4.139s] Level 1:colcon.colcon_core.package_identification:_identify(src/voice_robot) by extensions ['colcon_meta']
[4.139s] Level 1:colcon.colcon_core.package_identification:_identify(src/voice_robot) by extension 'colcon_meta'
[4.139s] Level 1:colcon.colcon_core.package_identification:_identify(src/voice_robot) by extensions ['ros']
[4.140s] Level 1:colcon.colcon_core.package_identification:_identify(src/voice_robot) by extension 'ros'
[4.140s] Level 1:colcon.colcon_core.package_identification:_identify(src/voice_robot) by extensions ['cmake', 'python']
[4.140s] Level 1:colcon.colcon_core.package_identification:_identify(src/voice_robot) by extension 'cmake'
[4.140s] Level 1:colcon.colcon_core.package_identification:_identify(src/voice_robot) by extension 'python'
[4.140s] Level 1:colcon.colcon_core.package_identification:_identify(src/voice_robot) by extensions ['python_setup_py']
[4.140s] Level 1:colcon.colcon_core.package_identification:_identify(src/voice_robot) by extension 'python_setup_py'
[4.143s] Level 1:colcon.colcon_core.package_identification:_identify(src/voice_robot/logs) by extensions ['ignore', 'ignore_ament_install']
[4.143s] Level 1:colcon.colcon_core.package_identification:_identify(src/voice_robot/logs) by extension 'ignore'
[4.143s] Level 1:colcon.colcon_core.package_identification:_identify(src/voice_robot/logs) by extension 'ignore_ament_install'
[4.143s] Level 1:colcon.colcon_core.package_identification:_identify(src/voice_robot/logs) by extensions ['colcon_pkg']
[4.144s] Level 1:colcon.colcon_core.package_identification:_identify(src/voice_robot/logs) by extension 'colcon_pkg'
[4.144s] Level 1:colcon.colcon_core.package_identification:_identify(src/voice_robot/logs) by extensions ['colcon_meta']
[4.144s] Level 1:colcon.colcon_core.package_identification:_identify(src/voice_robot/logs) by extension 'colcon_meta'
[4.144s] Level 1:colcon.colcon_core.package_identification:_identify(src/voice_robot/logs) by extensions ['ros']
[4.144s] Level 1:colcon.colcon_core.package_identification:_identify(src/voice_robot/logs) by extension 'ros'
[4.144s] Level 1:colcon.colcon_core.package_identification:_identify(src/voice_robot/logs) by extensions ['cmake', 'python']
[4.145s] Level 1:colcon.colcon_core.package_identification:_identify(src/voice_robot/logs) by extension 'cmake'
[4.145s] Level 1:colcon.colcon_core.package_identification:_identify(src/voice_robot/logs) by extension 'python'
[4.145s] Level 1:colcon.colcon_core.package_identification:_identify(src/voice_robot/logs) by extensions ['python_setup_py']
[4.145s] Level 1:colcon.colcon_core.package_identification:_identify(src/voice_robot/logs) by extension 'python_setup_py'
[4.146s] Level 1:colcon.colcon_core.package_identification:_identify(src/voice_robot/src) by extensions ['ignore', 'ignore_ament_install']
[4.146s] Level 1:colcon.colcon_core.package_identification:_identify(src/voice_robot/src) by extension 'ignore'
[4.146s] Level 1:colcon.colcon_core.package_identification:_identify(src/voice_robot/src) by extension 'ignore_ament_install'
[4.146s] Level 1:colcon.colcon_core.package_identification:_identify(src/voice_robot/src) by extensions ['colcon_pkg']
[4.146s] Level 1:colcon.colcon_core.package_identification:_identify(src/voice_robot/src) by extension 'colcon_pkg'
[4.147s] Level 1:colcon.colcon_core.package_identification:_identify(src/voice_robot/src) by extensions ['colcon_meta']
[4.147s] Level 1:colcon.colcon_core.package_identification:_identify(src/voice_robot/src) by extension 'colcon_meta'
[4.147s] Level 1:colcon.colcon_core.package_identification:_identify(src/voice_robot/src) by extensions ['ros']
[4.147s] Level 1:colcon.colcon_core.package_identification:_identify(src/voice_robot/src) by extension 'ros'
[4.147s] Level 1:colcon.colcon_core.package_identification:_identify(src/voice_robot/src) by extensions ['cmake', 'python']
[4.148s] Level 1:colcon.colcon_core.package_identification:_identify(src/voice_robot/src) by extension 'cmake'
[4.148s] Level 1:colcon.colcon_core.package_identification:_identify(src/voice_robot/src) by extension 'python'
[4.149s] Level 1:colcon.colcon_core.package_identification:_identify(src/voice_robot/src) by extensions ['python_setup_py']
[4.149s] Level 1:colcon.colcon_core.package_identification:_identify(src/voice_robot/src) by extension 'python_setup_py'
[4.152s] Level 1:colcon.colcon_core.package_identification:_identify(src/voice_robot/src/__pycache__) by extensions ['ignore', 'ignore_ament_install']
[4.152s] Level 1:colcon.colcon_core.package_identification:_identify(src/voice_robot/src/__pycache__) by extension 'ignore'
[4.152s] Level 1:colcon.colcon_core.package_identification:_identify(src/voice_robot/src/__pycache__) by extension 'ignore_ament_install'
[4.153s] Level 1:colcon.colcon_core.package_identification:_identify(src/voice_robot/src/__pycache__) by extensions ['colcon_pkg']
[4.153s] Level 1:colcon.colcon_core.package_identification:_identify(src/voice_robot/src/__pycache__) by extension 'colcon_pkg'
[4.153s] Level 1:colcon.colcon_core.package_identification:_identify(src/voice_robot/src/__pycache__) by extensions ['colcon_meta']
[4.153s] Level 1:colcon.colcon_core.package_identification:_identify(src/voice_robot/src/__pycache__) by extension 'colcon_meta'
[4.153s] Level 1:colcon.colcon_core.package_identification:_identify(src/voice_robot/src/__pycache__) by extensions ['ros']
[4.153s] Level 1:colcon.colcon_core.package_identification:_identify(src/voice_robot/src/__pycache__) by extension 'ros'
[4.153s] Level 1:colcon.colcon_core.package_identification:_identify(src/voice_robot/src/__pycache__) by extensions ['cmake', 'python']
[4.154s] Level 1:colcon.colcon_core.package_identification:_identify(src/voice_robot/src/__pycache__) by extension 'cmake'
[4.154s] Level 1:colcon.colcon_core.package_identification:_identify(src/voice_robot/src/__pycache__) by extension 'python'
[4.154s] Level 1:colcon.colcon_core.package_identification:_identify(src/voice_robot/src/__pycache__) by extensions ['python_setup_py']
[4.154s] Level 1:colcon.colcon_core.package_identification:_identify(src/voice_robot/src/__pycache__) by extension 'python_setup_py'
[4.154s] Level 1:colcon.colcon_core.package_identification:_identify(src/voice_robot_pkg) by extensions ['ignore', 'ignore_ament_install']
[4.154s] Level 1:colcon.colcon_core.package_identification:_identify(src/voice_robot_pkg) by extension 'ignore'
[4.154s] Level 1:colcon.colcon_core.package_identification:_identify(src/voice_robot_pkg) by extension 'ignore_ament_install'
[4.155s] Level 1:colcon.colcon_core.package_identification:_identify(src/voice_robot_pkg) by extensions ['colcon_pkg']
[4.155s] Level 1:colcon.colcon_core.package_identification:_identify(src/voice_robot_pkg) by extension 'colcon_pkg'
[4.155s] Level 1:colcon.colcon_core.package_identification:_identify(src/voice_robot_pkg) by extensions ['colcon_meta']
[4.155s] Level 1:colcon.colcon_core.package_identification:_identify(src/voice_robot_pkg) by extension 'colcon_meta'
[4.155s] Level 1:colcon.colcon_core.package_identification:_identify(src/voice_robot_pkg) by extensions ['ros']
[4.155s] Level 1:colcon.colcon_core.package_identification:_identify(src/voice_robot_pkg) by extension 'ros'
[4.158s] DEBUG:colcon.colcon_core.package_identification:Package 'src/voice_robot_pkg' with type 'ros.ament_python' and name 'voice_robot_pkg'
[4.159s] Level 1:colcon.colcon_core.package_discovery:discover_packages(recursive) using defaults
[4.159s] Level 1:colcon.colcon_core.package_discovery:discover_packages(ignore) discover
[4.159s] Level 1:colcon.colcon_core.package_discovery:discover_packages(ignore) using defaults
[4.159s] Level 1:colcon.colcon_core.package_discovery:discover_packages(path) discover
[4.160s] Level 1:colcon.colcon_core.package_discovery:discover_packages(path) using defaults
[4.287s] Level 1:colcon.colcon_core.package_discovery:discover_packages(prefix_path) check parameters
[4.287s] Level 1:colcon.colcon_core.package_discovery:discover_packages(prefix_path) discover
[4.347s] DEBUG:colcon.colcon_installed_package_information.package_discovery:Found 2 installed packages in /home/tanvi/ros2_ws/install
[4.351s] DEBUG:colcon.colcon_installed_package_information.package_discovery:Found 1 installed packages in /home/tanvi/robot_ws/install
[4.361s] DEBUG:colcon.colcon_installed_package_information.package_discovery:Found 440 installed packages in /opt/ros/humble
[4.367s] Level 1:colcon.colcon_core.package_discovery:discover_packages(prefix_path) using defaults
[4.873s] Level 5:colcon.colcon_core.verb:set package 'my_bot' build argument 'cmake_args' from command line to 'None'
[4.873s] Level 5:colcon.colcon_core.verb:set package 'my_bot' build argument 'cmake_target' from command line to 'None'
[4.873s] Level 5:colcon.colcon_core.verb:set package 'my_bot' build argument 'cmake_target_skip_unavailable' from command line to 'False'
[4.873s] Level 5:colcon.colcon_core.verb:set package 'my_bot' build argument 'cmake_clean_cache' from command line to 'False'
[4.873s] Level 5:colcon.colcon_core.verb:set package 'my_bot' build argument 'cmake_clean_first' from command line to 'False'
[4.873s] Level 5:colcon.colcon_core.verb:set package 'my_bot' build argument 'cmake_force_configure' from command line to 'False'
[4.873s] Level 5:colcon.colcon_core.verb:set package 'my_bot' build argument 'ament_cmake_args' from command line to 'None'
[4.873s] Level 5:colcon.colcon_core.verb:set package 'my_bot' build argument 'catkin_cmake_args' from command line to 'None'
[4.873s] Level 5:colcon.colcon_core.verb:set package 'my_bot' build argument 'catkin_skip_building_tests' from command line to 'False'
[4.873s] DEBUG:colcon.colcon_core.verb:Building package 'my_bot' with the following arguments: {'ament_cmake_args': None, 'build_base': '/home/tanvi/ros2_ws/build/my_bot', 'catkin_cmake_args': None, 'catkin_skip_building_tests': False, 'cmake_args': None, 'cmake_clean_cache': False, 'cmake_clean_first': False, 'cmake_force_configure': False, 'cmake_target': None, 'cmake_target_skip_unavailable': False, 'install_base': '/home/tanvi/ros2_ws/install/my_bot', 'merge_install': False, 'path': '/home/tanvi/ros2_ws/src/my_bot', 'symlink_install': False, 'test_result_base': None}
[4.873s] Level 5:colcon.colcon_core.verb:set package 'voice_robot_pkg' build argument 'cmake_args' from command line to 'None'
[4.873s] Level 5:colcon.colcon_core.verb:set package 'voice_robot_pkg' build argument 'cmake_target' from command line to 'None'
[4.874s] Level 5:colcon.colcon_core.verb:set package 'voice_robot_pkg' build argument 'cmake_target_skip_unavailable' from command line to 'False'
[4.874s] Level 5:colcon.colcon_core.verb:set package 'voice_robot_pkg' build argument 'cmake_clean_cache' from command line to 'False'
[4.874s] Level 5:colcon.colcon_core.verb:set package 'voice_robot_pkg' build argument 'cmake_clean_first' from command line to 'False'
[4.874s] Level 5:colcon.colcon_core.verb:set package 'voice_robot_pkg' build argument 'cmake_force_configure' from command line to 'False'
[4.874s] Level 5:colcon.colcon_core.verb:set package 'voice_robot_pkg' build argument 'ament_cmake_args' from command line to 'None'
[4.874s] Level 5:colcon.colcon_core.verb:set package 'voice_robot_pkg' build argument 'catkin_cmake_args' from command line to 'None'
[4.874s] Level 5:colcon.colcon_core.verb:set package 'voice_robot_pkg' build argument 'catkin_skip_building_tests' from command line to 'False'
[4.874s] DEBUG:colcon.colcon_core.verb:Building package 'voice_robot_pkg' with the following arguments: {'ament_cmake_args': None, 'build_base': '/home/tanvi/ros2_ws/build/voice_robot_pkg', 'catkin_cmake_args': None, 'catkin_skip_building_tests': False, 'cmake_args': None, 'cmake_clean_cache': False, 'cmake_clean_first': False, 'cmake_force_configure': False, 'cmake_target': None, 'cmake_target_skip_unavailable': False, 'install_base': '/home/tanvi/ros2_ws/install/voice_robot_pkg', 'merge_install': False, 'path': '/home/tanvi/ros2_ws/src/voice_robot_pkg', 'symlink_install': False, 'test_result_base': None}
[4.874s] INFO:colcon.colcon_core.executor:Executing jobs using 'parallel' executor
[4.877s] DEBUG:colcon.colcon_parallel_executor.executor.parallel:run_until_complete
[4.878s] INFO:colcon.colcon_ros.task.ament_cmake.build:Building ROS package in '/home/tanvi/ros2_ws/src/my_bot' with build type 'ament_cmake'
[4.878s] INFO:colcon.colcon_cmake.task.cmake.build:Building CMake package in '/home/tanvi/ros2_ws/src/my_bot'
[4.895s] INFO:colcon.colcon_core.plugin_system:Skipping extension 'colcon_core.shell.bat': Not used on non-Windows systems
[4.895s] INFO:colcon.colcon_core.shell:Skip shell extension 'powershell' for command environment: Not usable outside of PowerShell
[4.896s] DEBUG:colcon.colcon_core.shell:Skip shell extension 'dsv' for command environment
[4.910s] INFO:colcon.colcon_ros.task.ament_python.build:Building ROS package in '/home/tanvi/ros2_ws/src/voice_robot_pkg' with build type 'ament_python'
[4.910s] Level 1:colcon.colcon_core.shell:create_environment_hook('voice_robot_pkg', 'ament_prefix_path')
[4.910s] INFO:colcon.colcon_core.shell:Creating environment hook '/home/tanvi/ros2_ws/install/voice_robot_pkg/share/voice_robot_pkg/hook/ament_prefix_path.ps1'
[4.915s] INFO:colcon.colcon_core.shell:Creating environment descriptor '/home/tanvi/ros2_ws/install/voice_robot_pkg/share/voice_robot_pkg/hook/ament_prefix_path.dsv'
[4.919s] INFO:colcon.colcon_core.shell:Creating environment hook '/home/tanvi/ros2_ws/install/voice_robot_pkg/share/voice_robot_pkg/hook/ament_prefix_path.sh'
[4.924s] INFO:colcon.colcon_core.shell:Skip shell extension 'powershell' for command environment: Not usable outside of PowerShell
[4.924s] DEBUG:colcon.colcon_core.shell:Skip shell extension 'dsv' for command environment
[4.958s] DEBUG:colcon.colcon_core.event_handler.log_command:Invoking command in '/home/tanvi/ros2_ws/build/my_bot': CMAKE_PREFIX_PATH=${CMAKE_PREFIX_PATH}:/home/tanvi/ros2_ws/install/voice_robot_pkg:/home/tanvi/robot_ws/install/delivery_robot:/opt/ros/humble /usr/bin/cmake --build /home/tanvi/ros2_ws/build/my_bot -- -j12 -l12
[5.461s] INFO:colcon.colcon_core.task.python.build:Building Python package in '/home/tanvi/ros2_ws/src/voice_robot_pkg'
[5.461s] INFO:colcon.colcon_core.shell:Skip shell extension 'powershell' for command environment: Not usable outside of PowerShell
[5.462s] DEBUG:colcon.colcon_core.shell:Skip shell extension 'dsv' for command environment
[5.478s] DEBUG:colcon.colcon_core.event_handler.log_command:Invoked command in '/home/tanvi/ros2_ws/build/my_bot' returned '0': CMAKE_PREFIX_PATH=${CMAKE_PREFIX_PATH}:/home/tanvi/ros2_ws/install/voice_robot_pkg:/home/tanvi/robot_ws/install/delivery_robot:/opt/ros/humble /usr/bin/cmake --build /home/tanvi/ros2_ws/build/my_bot -- -j12 -l12
[5.513s] DEBUG:colcon.colcon_core.event_handler.log_command:Invoking command in '/home/tanvi/ros2_ws/build/my_bot': CMAKE_PREFIX_PATH=${CMAKE_PREFIX_PATH}:/home/tanvi/ros2_ws/install/voice_robot_pkg:/home/tanvi/robot_ws/install/delivery_robot:/opt/ros/humble /usr/bin/cmake --install /home/tanvi/ros2_ws/build/my_bot
[5.555s] Level 1:colcon.colcon_core.environment:create_environment_scripts_only(my_bot)
[5.556s] DEBUG:colcon.colcon_core.event_handler.log_command:Invoked command in '/home/tanvi/ros2_ws/build/my_bot' returned '0': CMAKE_PREFIX_PATH=${CMAKE_PREFIX_PATH}:/home/tanvi/ros2_ws/install/voice_robot_pkg:/home/tanvi/robot_ws/install/delivery_robot:/opt/ros/humble /usr/bin/cmake --install /home/tanvi/ros2_ws/build/my_bot
[5.582s] Level 1:colcon.colcon_core.environment:checking '/home/tanvi/ros2_ws/install/my_bot' for CMake module files
[5.585s] Level 1:colcon.colcon_core.environment:checking '/home/tanvi/ros2_ws/install/my_bot' for CMake config files
[5.591s] Level 1:colcon.colcon_core.shell:create_environment_hook('my_bot', 'cmake_prefix_path')
[5.593s] INFO:colcon.colcon_core.shell:Creating environment hook '/home/tanvi/ros2_ws/install/my_bot/share/my_bot/hook/cmake_prefix_path.ps1'
[5.595s] INFO:colcon.colcon_core.shell:Creating environment descriptor '/home/tanvi/ros2_ws/install/my_bot/share/my_bot/hook/cmake_prefix_path.dsv'
[5.597s] INFO:colcon.colcon_core.shell:Creating environment hook '/home/tanvi/ros2_ws/install/my_bot/share/my_bot/hook/cmake_prefix_path.sh'
[5.599s] Level 1:colcon.colcon_core.environment:checking '/home/tanvi/ros2_ws/install/my_bot/lib'
[5.601s] Level 1:colcon.colcon_core.environment:checking '/home/tanvi/ros2_ws/install/my_bot/bin'
[5.601s] Level 1:colcon.colcon_core.environment:checking '/home/tanvi/ros2_ws/install/my_bot/lib/pkgconfig/my_bot.pc'
[5.602s] Level 1:colcon.colcon_core.environment:checking '/home/tanvi/ros2_ws/install/my_bot/lib/python3.10/site-packages'
[5.603s] Level 1:colcon.colcon_core.environment:checking '/home/tanvi/ros2_ws/install/my_bot/bin'
[5.604s] INFO:colcon.colcon_core.shell:Creating package script '/home/tanvi/ros2_ws/install/my_bot/share/my_bot/package.ps1'
[5.609s] INFO:colcon.colcon_core.shell:Creating package descriptor '/home/tanvi/ros2_ws/install/my_bot/share/my_bot/package.dsv'
[5.612s] INFO:colcon.colcon_core.shell:Creating package script '/home/tanvi/ros2_ws/install/my_bot/share/my_bot/package.sh'
[5.616s] INFO:colcon.colcon_core.shell:Creating package script '/home/tanvi/ros2_ws/install/my_bot/share/my_bot/package.bash'
[5.619s] INFO:colcon.colcon_core.shell:Creating package script '/home/tanvi/ros2_ws/install/my_bot/share/my_bot/package.zsh'
[5.622s] Level 1:colcon.colcon_core.environment:create_file_with_runtime_dependencies(/home/tanvi/ros2_ws/install/my_bot/share/colcon-core/packages/my_bot)
[5.624s] Level 1:colcon.colcon_core.environment:create_environment_scripts_only(my_bot)
[5.625s] Level 1:colcon.colcon_core.environment:checking '/home/tanvi/ros2_ws/install/my_bot' for CMake module files
[5.626s] Level 1:colcon.colcon_core.environment:checking '/home/tanvi/ros2_ws/install/my_bot' for CMake config files
[5.626s] Level 1:colcon.colcon_core.shell:create_environment_hook('my_bot', 'cmake_prefix_path')
[5.627s] INFO:colcon.colcon_core.shell:Creating environment hook '/home/tanvi/ros2_ws/install/my_bot/share/my_bot/hook/cmake_prefix_path.ps1'
[5.630s] INFO:colcon.colcon_core.shell:Creating environment descriptor '/home/tanvi/ros2_ws/install/my_bot/share/my_bot/hook/cmake_prefix_path.dsv'
[5.632s] INFO:colcon.colcon_core.shell:Creating environment hook '/home/tanvi/ros2_ws/install/my_bot/share/my_bot/hook/cmake_prefix_path.sh'
[5.634s] Level 1:colcon.colcon_core.environment:checking '/home/tanvi/ros2_ws/install/my_bot/lib'
[5.634s] Level 1:colcon.colcon_core.environment:checking '/home/tanvi/ros2_ws/install/my_bot/bin'
[5.635s] Level 1:colcon.colcon_core.environment:checking '/home/tanvi/ros2_ws/install/my_bot/lib/pkgconfig/my_bot.pc'
[5.635s] Level 1:colcon.colcon_core.environment:checking '/home/tanvi/ros2_ws/install/my_bot/lib/python3.10/site-packages'
[5.636s] Level 1:colcon.colcon_core.environment:checking '/home/tanvi/ros2_ws/install/my_bot/bin'
[5.637s] INFO:colcon.colcon_core.shell:Creating package script '/home/tanvi/ros2_ws/install/my_bot/share/my_bot/package.ps1'
[5.639s] INFO:colcon.colcon_core.shell:Creating package descriptor '/home/tanvi/ros2_ws/install/my_bot/share/my_bot/package.dsv'
[5.642s] INFO:colcon.colcon_core.shell:Creating package script '/home/tanvi/ros2_ws/install/my_bot/share/my_bot/package.sh'
[5.643s] INFO:colcon.colcon_core.shell:Creating package script '/home/tanvi/ros2_ws/install/my_bot/share/my_bot/package.bash'
[5.645s] INFO:colcon.colcon_core.shell:Creating package script '/home/tanvi/ros2_ws/install/my_bot/share/my_bot/package.zsh'
[5.647s] Level 1:colcon.colcon_core.environment:create_file_with_runtime_dependencies(/home/tanvi/ros2_ws/install/my_bot/share/colcon-core/packages/my_bot)
[7.011s] DEBUG:colcon.colcon_core.event_handler.log_command:Invoking command in '/home/tanvi/ros2_ws/src/voice_robot_pkg': PYTHONPATH=/home/tanvi/ros2_ws/build/voice_robot_pkg/prefix_override:/usr/lib/python3/dist-packages/colcon_core/task/python/colcon_distutils_commands:/home/tanvi/ros2_ws/install/voice_robot_pkg/lib/python3.10/site-packages:${PYTHONPATH} /usr/bin/python3 -W ignore:setup.py install is deprecated -W ignore:easy_install command is deprecated setup.py egg_info --egg-base ../../build/voice_robot_pkg build --build-base /home/tanvi/ros2_ws/build/voice_robot_pkg/build install --record /home/tanvi/ros2_ws/build/voice_robot_pkg/install.log --single-version-externally-managed install_data
[7.744s] Level 1:colcon.colcon_core.environment:checking '/home/tanvi/ros2_ws/install/voice_robot_pkg' for CMake module files
[7.747s] DEBUG:colcon.colcon_core.event_handler.log_command:Invoked command in '/home/tanvi/ros2_ws/src/voice_robot_pkg' returned '0': PYTHONPATH=/home/tanvi/ros2_ws/build/voice_robot_pkg/prefix_override:/usr/lib/python3/dist-packages/colcon_core/task/python/colcon_distutils_commands:/home/tanvi/ros2_ws/install/voice_robot_pkg/lib/python3.10/site-packages:${PYTHONPATH} /usr/bin/python3 -W ignore:setup.py install is deprecated -W ignore:easy_install command is deprecated setup.py egg_info --egg-base ../../build/voice_robot_pkg build --build-base /home/tanvi/ros2_ws/build/voice_robot_pkg/build install --record /home/tanvi/ros2_ws/build/voice_robot_pkg/install.log --single-version-externally-managed install_data
[7.750s] Level 1:colcon.colcon_core.environment:checking '/home/tanvi/ros2_ws/install/voice_robot_pkg' for CMake config files
[7.763s] Level 1:colcon.colcon_core.environment:checking '/home/tanvi/ros2_ws/install/voice_robot_pkg/lib'
[7.763s] Level 1:colcon.colcon_core.environment:checking '/home/tanvi/ros2_ws/install/voice_robot_pkg/bin'
[7.763s] Level 1:colcon.colcon_core.environment:checking '/home/tanvi/ros2_ws/install/voice_robot_pkg/lib/pkgconfig/voice_robot_pkg.pc'
[7.764s] Level 1:colcon.colcon_core.environment:checking '/home/tanvi/ros2_ws/install/voice_robot_pkg/lib/python3.10/site-packages'
[7.764s] Level 1:colcon.colcon_core.shell:create_environment_hook('voice_robot_pkg', 'pythonpath')
[7.765s] INFO:colcon.colcon_core.shell:Creating environment hook '/home/tanvi/ros2_ws/install/voice_robot_pkg/share/voice_robot_pkg/hook/pythonpath.ps1'
[7.766s] INFO:colcon.colcon_core.shell:Creating environment descriptor '/home/tanvi/ros2_ws/install/voice_robot_pkg/share/voice_robot_pkg/hook/pythonpath.dsv'
[7.766s] INFO:colcon.colcon_core.shell:Creating environment hook '/home/tanvi/ros2_ws/install/voice_robot_pkg/share/voice_robot_pkg/hook/pythonpath.sh'
[7.770s] Level 1:colcon.colcon_core.environment:checking '/home/tanvi/ros2_ws/install/voice_robot_pkg/bin'
[7.770s] Level 1:colcon.colcon_core.environment:create_environment_scripts_only(voice_robot_pkg)
[7.771s] INFO:colcon.colcon_core.shell:Creating package script '/home/tanvi/ros2_ws/install/voice_robot_pkg/share/voice_robot_pkg/package.ps1'
[7.774s] INFO:colcon.colcon_core.shell:Creating package descriptor '/home/tanvi/ros2_ws/install/voice_robot_pkg/share/voice_robot_pkg/package.dsv'
[7.776s] INFO:colcon.colcon_core.shell:Creating package script '/home/tanvi/ros2_ws/install/voice_robot_pkg/share/voice_robot_pkg/package.sh'
[7.778s] INFO:colcon.colcon_core.shell:Creating package script '/home/tanvi/ros2_ws/install/voice_robot_pkg/share/voice_robot_pkg/package.bash'
[7.780s] INFO:colcon.colcon_core.shell:Creating package script '/home/tanvi/ros2_ws/install/voice_robot_pkg/share/voice_robot_pkg/package.zsh'
[7.782s] Level 1:colcon.colcon_core.environment:create_file_with_runtime_dependencies(/home/tanvi/ros2_ws/install/voice_robot_pkg/share/colcon-core/packages/voice_robot_pkg)
[7.784s] DEBUG:colcon.colcon_parallel_executor.executor.parallel:closing loop
[7.787s] DEBUG:colcon.colcon_parallel_executor.executor.parallel:loop closed
[7.788s] DEBUG:colcon.colcon_parallel_executor.executor.parallel:run_until_complete finished with '0'
[7.788s] DEBUG:colcon.colcon_core.event_reactor:joining thread
[8.836s] INFO:colcon.colcon_core.plugin_system:Skipping extension 'colcon_notification.desktop_notification.notify_send': Could not find 'notify-send'
[8.837s] INFO:colcon.colcon_core.plugin_system:Skipping extension 'colcon_notification.desktop_notification.terminal_notifier': Not used on non-Darwin systems
[8.837s] INFO:colcon.colcon_core.plugin_system:Skipping extension 'colcon_notification.desktop_notification.win32': Not used on non-Windows systems
[8.837s] INFO:colcon.colcon_notification.desktop_notification:Sending desktop notification using 'notify2'
[8.844s] DEBUG:colcon.colcon_notification.desktop_notification.notify2:Failed to initialize notify2: org.freedesktop.DBus.Error.FileNotFound: Failed to connect to socket /run/user/1000/bus: No such file or directory
[8.845s] DEBUG:colcon.colcon_core.event_reactor:joined thread
[8.846s] INFO:colcon.colcon_core.shell:Creating prefix script '/home/tanvi/ros2_ws/install/local_setup.ps1'
[8.848s] INFO:colcon.colcon_core.shell:Creating prefix util module '/home/tanvi/ros2_ws/install/_local_setup_util_ps1.py'
[8.852s] INFO:colcon.colcon_core.shell:Creating prefix chain script '/home/tanvi/ros2_ws/install/setup.ps1'
[8.857s] INFO:colcon.colcon_core.shell:Creating prefix script '/home/tanvi/ros2_ws/install/local_setup.sh'
[8.860s] INFO:colcon.colcon_core.shell:Creating prefix util module '/home/tanvi/ros2_ws/install/_local_setup_util_sh.py'
[8.861s] INFO:colcon.colcon_core.shell:Creating prefix chain script '/home/tanvi/ros2_ws/install/setup.sh'
[8.864s] INFO:colcon.colcon_core.shell:Creating prefix script '/home/tanvi/ros2_ws/install/local_setup.bash'
[8.866s] INFO:colcon.colcon_core.shell:Creating prefix chain script '/home/tanvi/ros2_ws/install/setup.bash'
[8.871s] INFO:colcon.colcon_core.shell:Creating prefix script '/home/tanvi/ros2_ws/install/local_setup.zsh'
[8.874s] INFO:colcon.colcon_core.shell:Creating prefix chain script '/home/tanvi/ros2_ws/install/setup.zsh'
