[1.337s] DEBUG:colcon:Command line arguments: ['/usr/bin/colcon', 'build']
[1.338s] DEBUG:colcon:Parsed command line arguments: Namespace(log_base=None, log_level=None, verb_name='build', build_base='build', install_base='install', merge_install=False, symlink_install=False, test_result_base=None, continue_on_error=False, executor='parallel', parallel_workers=12, event_handlers=None, ignore_user_meta=False, metas=['./colcon.meta'], base_paths=['.'], packages_ignore=None, packages_ignore_regex=None, paths=None, packages_up_to=None, packages_up_to_regex=None, packages_above=None, packages_above_and_dependencies=None, packages_above_depth=None, packages_select_by_dep=None, packages_skip_by_dep=None, packages_skip_up_to=None, packages_select_build_failed=False, packages_skip_build_finished=False, packages_select_test_failures=False, packages_skip_test_passed=False, packages_select=None, packages_skip=None, packages_select_regex=None, packages_skip_regex=None, packages_start=None, packages_end=None, allow_overriding=[], cmake_args=None, cmake_target=None, cmake_target_skip_unavailable=False, cmake_clean_cache=False, cmake_clean_first=False, cmake_force_configure=False, ament_cmake_args=None, catkin_cmake_args=None, catkin_skip_building_tests=False, verb_parser=<colcon_defaults.argument_parser.defaults.DefaultArgumentsDecorator object at 0x79d7fdc5cb20>, verb_extension=<colcon_core.verb.build.BuildVerb object at 0x79d7fddde9e0>, main=<bound method BuildVerb.main of <colcon_core.verb.build.BuildVerb object at 0x79d7fddde9e0>>)
[2.485s] Level 1:colcon.colcon_core.package_discovery:discover_packages(colcon_meta) check parameters
[2.485s] Level 1:colcon.colcon_core.package_discovery:discover_packages(recursive) check parameters
[2.485s] Level 1:colcon.colcon_core.package_discovery:discover_packages(ignore) check parameters
[2.485s] Level 1:colcon.colcon_core.package_discovery:discover_packages(path) check parameters
[2.485s] Level 1:colcon.colcon_core.package_discovery:discover_packages(colcon_meta) discover
[2.485s] Level 1:colcon.colcon_core.package_discovery:discover_packages(recursive) discover
[2.485s] INFO:colcon.colcon_core.package_discovery:Crawling recursively for packages in '/home/tanvi/ros2_ws'
[2.487s] Level 1:colcon.colcon_core.package_identification:_identify(.) by extensions ['ignore', 'ignore_ament_install']
[2.488s] Level 1:colcon.colcon_core.package_identification:_identify(.) by extension 'ignore'
[2.488s] Level 1:colcon.colcon_core.package_identification:_identify(.) by extension 'ignore_ament_install'
[2.488s] Level 1:colcon.colcon_core.package_identification:_identify(.) by extensions ['colcon_pkg']
[2.488s] Level 1:colcon.colcon_core.package_identification:_identify(.) by extension 'colcon_pkg'
[2.488s] Level 1:colcon.colcon_core.package_identification:_identify(.) by extensions ['colcon_meta']
[2.488s] Level 1:colcon.colcon_core.package_identification:_identify(.) by extension 'colcon_meta'
[2.488s] Level 1:colcon.colcon_core.package_identification:_identify(.) by extensions ['ros']
[2.488s] Level 1:colcon.colcon_core.package_identification:_identify(.) by extension 'ros'
[2.537s] Level 1:colcon.colcon_core.package_identification:_identify(.) by extensions ['cmake', 'python']
[2.538s] Level 1:colcon.colcon_core.package_identification:_identify(.) by extension 'cmake'
[2.538s] Level 1:colcon.colcon_core.package_identification:_identify(.) by extension 'python'
[2.539s] Level 1:colcon.colcon_core.package_identification:_identify(.) by extensions ['python_setup_py']
[2.539s] Level 1:colcon.colcon_core.package_identification:_identify(.) by extension 'python_setup_py'
[2.540s] Level 1:colcon.colcon_core.package_identification:_identify(build) by extensions ['ignore', 'ignore_ament_install']
[2.541s] Level 1:colcon.colcon_core.package_identification:_identify(build) by extension 'ignore'
[2.541s] Level 1:colcon.colcon_core.package_identification:_identify(build) ignored
[2.543s] Level 1:colcon.colcon_core.package_identification:_identify(install) by extensions ['ignore', 'ignore_ament_install']
[2.543s] Level 1:colcon.colcon_core.package_identification:_identify(install) by extension 'ignore'
[2.543s] Level 1:colcon.colcon_core.package_identification:_identify(install) ignored
[2.543s] Level 1:colcon.colcon_core.package_identification:_identify(log) by extensions ['ignore', 'ignore_ament_install']
[2.544s] Level 1:colcon.colcon_core.package_identification:_identify(log) by extension 'ignore'
[2.544s] Level 1:colcon.colcon_core.package_identification:_identify(log) ignored
[2.546s] Level 1:colcon.colcon_core.package_identification:_identify(src) by extensions ['ignore', 'ignore_ament_install']
[2.547s] Level 1:colcon.colcon_core.package_identification:_identify(src) by extension 'ignore'
[2.547s] Level 1:colcon.colcon_core.package_identification:_identify(src) by extension 'ignore_ament_install'
[2.547s] Level 1:colcon.colcon_core.package_identification:_identify(src) by extensions ['colcon_pkg']
[2.547s] Level 1:colcon.colcon_core.package_identification:_identify(src) by extension 'colcon_pkg'
[2.547s] Level 1:colcon.colcon_core.package_identification:_identify(src) by extensions ['colcon_meta']
[2.548s] Level 1:colcon.colcon_core.package_identification:_identify(src) by extension 'colcon_meta'
[2.548s] Level 1:colcon.colcon_core.package_identification:_identify(src) by extensions ['ros']
[2.548s] Level 1:colcon.colcon_core.package_identification:_identify(src) by extension 'ros'
[2.548s] Level 1:colcon.colcon_core.package_identification:_identify(src) by extensions ['cmake', 'python']
[2.548s] Level 1:colcon.colcon_core.package_identification:_identify(src) by extension 'cmake'
[2.548s] Level 1:colcon.colcon_core.package_identification:_identify(src) by extension 'python'
[2.548s] Level 1:colcon.colcon_core.package_identification:_identify(src) by extensions ['python_setup_py']
[2.548s] Level 1:colcon.colcon_core.package_identification:_identify(src) by extension 'python_setup_py'
[2.549s] Level 1:colcon.colcon_core.package_identification:_identify(src/my_bot) by extensions ['ignore', 'ignore_ament_install']
[2.550s] Level 1:colcon.colcon_core.package_identification:_identify(src/my_bot) by extension 'ignore'
[2.550s] Level 1:colcon.colcon_core.package_identification:_identify(src/my_bot) by extension 'ignore_ament_install'
[2.550s] Level 1:colcon.colcon_core.package_identification:_identify(src/my_bot) by extensions ['colcon_pkg']
[2.550s] Level 1:colcon.colcon_core.package_identification:_identify(src/my_bot) by extension 'colcon_pkg'
[2.550s] Level 1:colcon.colcon_core.package_identification:_identify(src/my_bot) by extensions ['colcon_meta']
[2.550s] Level 1:colcon.colcon_core.package_identification:_identify(src/my_bot) by extension 'colcon_meta'
[2.550s] Level 1:colcon.colcon_core.package_identification:_identify(src/my_bot) by extensions ['ros']
[2.550s] Level 1:colcon.colcon_core.package_identification:_identify(src/my_bot) by extension 'ros'
[2.561s] DEBUG:colcon.colcon_core.package_identification:Package 'src/my_bot' with type 'ros.ament_cmake' and name 'my_bot'
[2.563s] Level 1:colcon.colcon_core.package_identification:_identify(src/voice_robot) by extensions ['ignore', 'ignore_ament_install']
[2.563s] Level 1:colcon.colcon_core.package_identification:_identify(src/voice_robot) by extension 'ignore'
[2.564s] Level 1:colcon.colcon_core.package_identification:_identify(src/voice_robot) by extension 'ignore_ament_install'
[2.564s] Level 1:colcon.colcon_core.package_identification:_identify(src/voice_robot) by extensions ['colcon_pkg']
[2.564s] Level 1:colcon.colcon_core.package_identification:_identify(src/voice_robot) by extension 'colcon_pkg'
[2.564s] Level 1:colcon.colcon_core.package_identification:_identify(src/voice_robot) by extensions ['colcon_meta']
[2.564s] Level 1:colcon.colcon_core.package_identification:_identify(src/voice_robot) by extension 'colcon_meta'
[2.564s] Level 1:colcon.colcon_core.package_identification:_identify(src/voice_robot) by extensions ['ros']
[2.564s] Level 1:colcon.colcon_core.package_identification:_identify(src/voice_robot) by extension 'ros'
[2.564s] Level 1:colcon.colcon_core.package_identification:_identify(src/voice_robot) by extensions ['cmake', 'python']
[2.564s] Level 1:colcon.colcon_core.package_identification:_identify(src/voice_robot) by extension 'cmake'
[2.564s] Level 1:colcon.colcon_core.package_identification:_identify(src/voice_robot) by extension 'python'
[2.564s] Level 1:colcon.colcon_core.package_identification:_identify(src/voice_robot) by extensions ['python_setup_py']
[2.564s] Level 1:colcon.colcon_core.package_identification:_identify(src/voice_robot) by extension 'python_setup_py'
[2.566s] Level 1:colcon.colcon_core.package_identification:_identify(src/voice_robot/logs) by extensions ['ignore', 'ignore_ament_install']
[2.566s] Level 1:colcon.colcon_core.package_identification:_identify(src/voice_robot/logs) by extension 'ignore'
[2.567s] Level 1:colcon.colcon_core.package_identification:_identify(src/voice_robot/logs) by extension 'ignore_ament_install'
[2.567s] Level 1:colcon.colcon_core.package_identification:_identify(src/voice_robot/logs) by extensions ['colcon_pkg']
[2.567s] Level 1:colcon.colcon_core.package_identification:_identify(src/voice_robot/logs) by extension 'colcon_pkg'
[2.567s] Level 1:colcon.colcon_core.package_identification:_identify(src/voice_robot/logs) by extensions ['colcon_meta']
[2.567s] Level 1:colcon.colcon_core.package_identification:_identify(src/voice_robot/logs) by extension 'colcon_meta'
[2.567s] Level 1:colcon.colcon_core.package_identification:_identify(src/voice_robot/logs) by extensions ['ros']
[2.567s] Level 1:colcon.colcon_core.package_identification:_identify(src/voice_robot/logs) by extension 'ros'
[2.567s] Level 1:colcon.colcon_core.package_identification:_identify(src/voice_robot/logs) by extensions ['cmake', 'python']
[2.567s] Level 1:colcon.colcon_core.package_identification:_identify(src/voice_robot/logs) by extension 'cmake'
[2.567s] Level 1:colcon.colcon_core.package_identification:_identify(src/voice_robot/logs) by extension 'python'
[2.568s] Level 1:colcon.colcon_core.package_identification:_identify(src/voice_robot/logs) by extensions ['python_setup_py']
[2.568s] Level 1:colcon.colcon_core.package_identification:_identify(src/voice_robot/logs) by extension 'python_setup_py'
[2.568s] Level 1:colcon.colcon_core.package_identification:_identify(src/voice_robot/src) by extensions ['ignore', 'ignore_ament_install']
[2.568s] Level 1:colcon.colcon_core.package_identification:_identify(src/voice_robot/src) by extension 'ignore'
[2.568s] Level 1:colcon.colcon_core.package_identification:_identify(src/voice_robot/src) by extension 'ignore_ament_install'
[2.569s] Level 1:colcon.colcon_core.package_identification:_identify(src/voice_robot/src) by extensions ['colcon_pkg']
[2.569s] Level 1:colcon.colcon_core.package_identification:_identify(src/voice_robot/src) by extension 'colcon_pkg'
[2.569s] Level 1:colcon.colcon_core.package_identification:_identify(src/voice_robot/src) by extensions ['colcon_meta']
[2.569s] Level 1:colcon.colcon_core.package_identification:_identify(src/voice_robot/src) by extension 'colcon_meta'
[2.569s] Level 1:colcon.colcon_core.package_identification:_identify(src/voice_robot/src) by extensions ['ros']
[2.569s] Level 1:colcon.colcon_core.package_identification:_identify(src/voice_robot/src) by extension 'ros'
[2.569s] Level 1:colcon.colcon_core.package_identification:_identify(src/voice_robot/src) by extensions ['cmake', 'python']
[2.570s] Level 1:colcon.colcon_core.package_identification:_identify(src/voice_robot/src) by extension 'cmake'
[2.570s] Level 1:colcon.colcon_core.package_identification:_identify(src/voice_robot/src) by extension 'python'
[2.570s] Level 1:colcon.colcon_core.package_identification:_identify(src/voice_robot/src) by extensions ['python_setup_py']
[2.570s] Level 1:colcon.colcon_core.package_identification:_identify(src/voice_robot/src) by extension 'python_setup_py'
[2.571s] Level 1:colcon.colcon_core.package_identification:_identify(src/voice_robot/src/__pycache__) by extensions ['ignore', 'ignore_ament_install']
[2.571s] Level 1:colcon.colcon_core.package_identification:_identify(src/voice_robot/src/__pycache__) by extension 'ignore'
[2.572s] Level 1:colcon.colcon_core.package_identification:_identify(src/voice_robot/src/__pycache__) by extension 'ignore_ament_install'
[2.572s] Level 1:colcon.colcon_core.package_identification:_identify(src/voice_robot/src/__pycache__) by extensions ['colcon_pkg']
[2.572s] Level 1:colcon.colcon_core.package_identification:_identify(src/voice_robot/src/__pycache__) by extension 'colcon_pkg'
[2.572s] Level 1:colcon.colcon_core.package_identification:_identify(src/voice_robot/src/__pycache__) by extensions ['colcon_meta']
[2.572s] Level 1:colcon.colcon_core.package_identification:_identify(src/voice_robot/src/__pycache__) by extension 'colcon_meta'
[2.572s] Level 1:colcon.colcon_core.package_identification:_identify(src/voice_robot/src/__pycache__) by extensions ['ros']
[2.572s] Level 1:colcon.colcon_core.package_identification:_identify(src/voice_robot/src/__pycache__) by extension 'ros'
[2.572s] Level 1:colcon.colcon_core.package_identification:_identify(src/voice_robot/src/__pycache__) by extensions ['cmake', 'python']
[2.572s] Level 1:colcon.colcon_core.package_identification:_identify(src/voice_robot/src/__pycache__) by extension 'cmake'
[2.572s] Level 1:colcon.colcon_core.package_identification:_identify(src/voice_robot/src/__pycache__) by extension 'python'
[2.573s] Level 1:colcon.colcon_core.package_identification:_identify(src/voice_robot/src/__pycache__) by extensions ['python_setup_py']
[2.573s] Level 1:colcon.colcon_core.package_identification:_identify(src/voice_robot/src/__pycache__) by extension 'python_setup_py'
[2.573s] Level 1:colcon.colcon_core.package_discovery:discover_packages(recursive) using defaults
[2.573s] Level 1:colcon.colcon_core.package_discovery:discover_packages(ignore) discover
[2.573s] Level 1:colcon.colcon_core.package_discovery:discover_packages(ignore) using defaults
[2.573s] Level 1:colcon.colcon_core.package_discovery:discover_packages(path) discover
[2.573s] Level 1:colcon.colcon_core.package_discovery:discover_packages(path) using defaults
[2.667s] Level 1:colcon.colcon_core.package_discovery:discover_packages(prefix_path) check parameters
[2.667s] Level 1:colcon.colcon_core.package_discovery:discover_packages(prefix_path) discover
[2.687s] DEBUG:colcon.colcon_installed_package_information.package_discovery:Found 1 installed packages in /home/tanvi/robot_ws/install
[2.694s] DEBUG:colcon.colcon_installed_package_information.package_discovery:Found 440 installed packages in /opt/ros/humble
[2.720s] Level 1:colcon.colcon_core.package_discovery:discover_packages(prefix_path) using defaults
[3.156s] Level 5:colcon.colcon_core.verb:set package 'my_bot' build argument 'cmake_args' from command line to 'None'
[3.156s] Level 5:colcon.colcon_core.verb:set package 'my_bot' build argument 'cmake_target' from command line to 'None'
[3.156s] Level 5:colcon.colcon_core.verb:set package 'my_bot' build argument 'cmake_target_skip_unavailable' from command line to 'False'
[3.156s] Level 5:colcon.colcon_core.verb:set package 'my_bot' build argument 'cmake_clean_cache' from command line to 'False'
[3.157s] Level 5:colcon.colcon_core.verb:set package 'my_bot' build argument 'cmake_clean_first' from command line to 'False'
[3.157s] Level 5:colcon.colcon_core.verb:set package 'my_bot' build argument 'cmake_force_configure' from command line to 'False'
[3.157s] Level 5:colcon.colcon_core.verb:set package 'my_bot' build argument 'ament_cmake_args' from command line to 'None'
[3.157s] Level 5:colcon.colcon_core.verb:set package 'my_bot' build argument 'catkin_cmake_args' from command line to 'None'
[3.157s] Level 5:colcon.colcon_core.verb:set package 'my_bot' build argument 'catkin_skip_building_tests' from command line to 'False'
[3.157s] DEBUG:colcon.colcon_core.verb:Building package 'my_bot' with the following arguments: {'ament_cmake_args': None, 'build_base': '/home/tanvi/ros2_ws/build/my_bot', 'catkin_cmake_args': None, 'catkin_skip_building_tests': False, 'cmake_args': None, 'cmake_clean_cache': False, 'cmake_clean_first': False, 'cmake_force_configure': False, 'cmake_target': None, 'cmake_target_skip_unavailable': False, 'install_base': '/home/tanvi/ros2_ws/install/my_bot', 'merge_install': False, 'path': '/home/tanvi/ros2_ws/src/my_bot', 'symlink_install': False, 'test_result_base': None}
[3.157s] INFO:colcon.colcon_core.executor:Executing jobs using 'parallel' executor
[3.160s] DEBUG:colcon.colcon_parallel_executor.executor.parallel:run_until_complete
[3.161s] INFO:colcon.colcon_ros.task.ament_cmake.build:Building ROS package in '/home/tanvi/ros2_ws/src/my_bot' with build type 'ament_cmake'
[3.161s] INFO:colcon.colcon_cmake.task.cmake.build:Building CMake package in '/home/tanvi/ros2_ws/src/my_bot'
[3.178s] INFO:colcon.colcon_core.plugin_system:Skipping extension 'colcon_core.shell.bat': Not used on non-Windows systems
[3.179s] INFO:colcon.colcon_core.shell:Skip shell extension 'powershell' for command environment: Not usable outside of PowerShell
[3.179s] DEBUG:colcon.colcon_core.shell:Skip shell extension 'dsv' for command environment
[3.228s] DEBUG:colcon.colcon_core.event_handler.log_command:Invoking command in '/home/tanvi/ros2_ws/build/my_bot': CMAKE_PREFIX_PATH=/home/tanvi/robot_ws/install/delivery_robot:/opt/ros/humble /usr/bin/cmake --build /home/tanvi/ros2_ws/build/my_bot -- -j12 -l12
[3.490s] DEBUG:colcon.colcon_core.event_handler.log_command:Invoked command in '/home/tanvi/ros2_ws/build/my_bot' returned '0': CMAKE_PREFIX_PATH=/home/tanvi/robot_ws/install/delivery_robot:/opt/ros/humble /usr/bin/cmake --build /home/tanvi/ros2_ws/build/my_bot -- -j12 -l12
[3.523s] DEBUG:colcon.colcon_core.event_handler.log_command:Invoking command in '/home/tanvi/ros2_ws/build/my_bot': CMAKE_PREFIX_PATH=/home/tanvi/robot_ws/install/delivery_robot:/opt/ros/humble /usr/bin/cmake --install /home/tanvi/ros2_ws/build/my_bot
[3.565s] Level 1:colcon.colcon_core.environment:create_environment_scripts_only(my_bot)
[3.566s] DEBUG:colcon.colcon_core.event_handler.log_command:Invoked command in '/home/tanvi/ros2_ws/build/my_bot' returned '0': CMAKE_PREFIX_PATH=/home/tanvi/robot_ws/install/delivery_robot:/opt/ros/humble /usr/bin/cmake --install /home/tanvi/ros2_ws/build/my_bot
[3.588s] Level 1:colcon.colcon_core.environment:checking '/home/tanvi/ros2_ws/install/my_bot' for CMake module files
[3.593s] Level 1:colcon.colcon_core.environment:checking '/home/tanvi/ros2_ws/install/my_bot' for CMake config files
[3.600s] Level 1:colcon.colcon_core.shell:create_environment_hook('my_bot', 'cmake_prefix_path')
[3.601s] INFO:colcon.colcon_core.shell:Creating environment hook '/home/tanvi/ros2_ws/install/my_bot/share/my_bot/hook/cmake_prefix_path.ps1'
[3.604s] INFO:colcon.colcon_core.shell:Creating environment descriptor '/home/tanvi/ros2_ws/install/my_bot/share/my_bot/hook/cmake_prefix_path.dsv'
[3.606s] INFO:colcon.colcon_core.shell:Creating environment hook '/home/tanvi/ros2_ws/install/my_bot/share/my_bot/hook/cmake_prefix_path.sh'
[3.609s] Level 1:colcon.colcon_core.environment:checking '/home/tanvi/ros2_ws/install/my_bot/lib'
[3.610s] Level 1:colcon.colcon_core.environment:checking '/home/tanvi/ros2_ws/install/my_bot/bin'
[3.610s] Level 1:colcon.colcon_core.environment:checking '/home/tanvi/ros2_ws/install/my_bot/lib/pkgconfig/my_bot.pc'
[3.610s] Level 1:colcon.colcon_core.environment:checking '/home/tanvi/ros2_ws/install/my_bot/lib/python3.10/site-packages'
[3.611s] Level 1:colcon.colcon_core.environment:checking '/home/tanvi/ros2_ws/install/my_bot/bin'
[3.612s] INFO:colcon.colcon_core.shell:Creating package script '/home/tanvi/ros2_ws/install/my_bot/share/my_bot/package.ps1'
[3.615s] INFO:colcon.colcon_core.shell:Creating package descriptor '/home/tanvi/ros2_ws/install/my_bot/share/my_bot/package.dsv'
[3.617s] INFO:colcon.colcon_core.shell:Creating package script '/home/tanvi/ros2_ws/install/my_bot/share/my_bot/package.sh'
[3.619s] INFO:colcon.colcon_core.shell:Creating package script '/home/tanvi/ros2_ws/install/my_bot/share/my_bot/package.bash'
[3.621s] INFO:colcon.colcon_core.shell:Creating package script '/home/tanvi/ros2_ws/install/my_bot/share/my_bot/package.zsh'
[3.624s] Level 1:colcon.colcon_core.environment:create_file_with_runtime_dependencies(/home/tanvi/ros2_ws/install/my_bot/share/colcon-core/packages/my_bot)
[3.626s] Level 1:colcon.colcon_core.environment:create_environment_scripts_only(my_bot)
[3.626s] Level 1:colcon.colcon_core.environment:checking '/home/tanvi/ros2_ws/install/my_bot' for CMake module files
[3.627s] Level 1:colcon.colcon_core.environment:checking '/home/tanvi/ros2_ws/install/my_bot' for CMake config files
[3.628s] Level 1:colcon.colcon_core.shell:create_environment_hook('my_bot', 'cmake_prefix_path')
[3.628s] INFO:colcon.colcon_core.shell:Creating environment hook '/home/tanvi/ros2_ws/install/my_bot/share/my_bot/hook/cmake_prefix_path.ps1'
[3.630s] INFO:colcon.colcon_core.shell:Creating environment descriptor '/home/tanvi/ros2_ws/install/my_bot/share/my_bot/hook/cmake_prefix_path.dsv'
[3.632s] INFO:colcon.colcon_core.shell:Creating environment hook '/home/tanvi/ros2_ws/install/my_bot/share/my_bot/hook/cmake_prefix_path.sh'
[3.633s] Level 1:colcon.colcon_core.environment:checking '/home/tanvi/ros2_ws/install/my_bot/lib'
[3.633s] Level 1:colcon.colcon_core.environment:checking '/home/tanvi/ros2_ws/install/my_bot/bin'
[3.633s] Level 1:colcon.colcon_core.environment:checking '/home/tanvi/ros2_ws/install/my_bot/lib/pkgconfig/my_bot.pc'
[3.634s] Level 1:colcon.colcon_core.environment:checking '/home/tanvi/ros2_ws/install/my_bot/lib/python3.10/site-packages'
[3.635s] Level 1:colcon.colcon_core.environment:checking '/home/tanvi/ros2_ws/install/my_bot/bin'
[3.635s] INFO:colcon.colcon_core.shell:Creating package script '/home/tanvi/ros2_ws/install/my_bot/share/my_bot/package.ps1'
[3.637s] INFO:colcon.colcon_core.shell:Creating package descriptor '/home/tanvi/ros2_ws/install/my_bot/share/my_bot/package.dsv'
[3.638s] INFO:colcon.colcon_core.shell:Creating package script '/home/tanvi/ros2_ws/install/my_bot/share/my_bot/package.sh'
[3.639s] INFO:colcon.colcon_core.shell:Creating package script '/home/tanvi/ros2_ws/install/my_bot/share/my_bot/package.bash'
[3.640s] INFO:colcon.colcon_core.shell:Creating package script '/home/tanvi/ros2_ws/install/my_bot/share/my_bot/package.zsh'
[3.641s] Level 1:colcon.colcon_core.environment:create_file_with_runtime_dependencies(/home/tanvi/ros2_ws/install/my_bot/share/colcon-core/packages/my_bot)
[3.643s] DEBUG:colcon.colcon_parallel_executor.executor.parallel:closing loop
[3.644s] DEBUG:colcon.colcon_parallel_executor.executor.parallel:loop closed
[3.644s] DEBUG:colcon.colcon_parallel_executor.executor.parallel:run_until_complete finished with '0'
[3.645s] DEBUG:colcon.colcon_core.event_reactor:joining thread
[3.907s] INFO:colcon.colcon_core.plugin_system:Skipping extension 'colcon_notification.desktop_notification.notify_send': Could not find 'notify-send'
[3.908s] INFO:colcon.colcon_core.plugin_system:Skipping extension 'colcon_notification.desktop_notification.terminal_notifier': Not used on non-Darwin systems
[3.908s] INFO:colcon.colcon_core.plugin_system:Skipping extension 'colcon_notification.desktop_notification.win32': Not used on non-Windows systems
[3.908s] INFO:colcon.colcon_notification.desktop_notification:Sending desktop notification using 'notify2'
[3.909s] DEBUG:colcon.colcon_notification.desktop_notification.notify2:Failed to initialize notify2: org.freedesktop.DBus.Error.FileNotFound: Failed to connect to socket /run/user/1000/bus: No such file or directory
[3.910s] DEBUG:colcon.colcon_core.event_reactor:joined thread
[3.910s] INFO:colcon.colcon_core.shell:Creating prefix script '/home/tanvi/ros2_ws/install/local_setup.ps1'
[3.919s] INFO:colcon.colcon_core.shell:Creating prefix util module '/home/tanvi/ros2_ws/install/_local_setup_util_ps1.py'
[3.923s] INFO:colcon.colcon_core.shell:Creating prefix chain script '/home/tanvi/ros2_ws/install/setup.ps1'
[3.927s] INFO:colcon.colcon_core.shell:Creating prefix script '/home/tanvi/ros2_ws/install/local_setup.sh'
[3.930s] INFO:colcon.colcon_core.shell:Creating prefix util module '/home/tanvi/ros2_ws/install/_local_setup_util_sh.py'
[3.931s] INFO:colcon.colcon_core.shell:Creating prefix chain script '/home/tanvi/ros2_ws/install/setup.sh'
[3.934s] INFO:colcon.colcon_core.shell:Creating prefix script '/home/tanvi/ros2_ws/install/local_setup.bash'
[3.937s] INFO:colcon.colcon_core.shell:Creating prefix chain script '/home/tanvi/ros2_ws/install/setup.bash'
[3.942s] INFO:colcon.colcon_core.shell:Creating prefix script '/home/tanvi/ros2_ws/install/local_setup.zsh'
[3.945s] INFO:colcon.colcon_core.shell:Creating prefix chain script '/home/tanvi/ros2_ws/install/setup.zsh'
