-- Install configuration: ""
-- Up-to-date: /home/tanvi/ros2_ws/install/my_bot/share/my_bot/urdf
-- Up-to-date: /home/tanvi/ros2_ws/install/my_bot/share/my_bot/urdf/my_bot.urdf.xacro
-- Up-to-date: /home/tanvi/ros2_ws/install/my_bot/share/my_bot/urdf/my_bot.urdf.save
-- Up-to-date: /home/tanvi/ros2_ws/install/my_bot/share/my_bot/urdf/my_bot.urdf
-- Up-to-date: /home/tanvi/ros2_ws/install/my_bot/share/my_bot/launch
-- Up-to-date: /home/tanvi/ros2_ws/install/my_bot/share/my_bot/launch/rsp.launch.py
-- Up-to-date: /home/tanvi/ros2_ws/install/my_bot/share/my_bot/launch/gazebo.launch.py
-- Up-to-date: /home/tanvi/ros2_ws/install/my_bot/share/my_bot/launch/display.launch.py
-- Up-to-date: /home/tanvi/ros2_ws/install/my_bot/share/my_bot/worlds
-- Up-to-date: /home/tanvi/ros2_ws/install/my_bot/share/my_bot/worlds/my_world.world
-- Up-to-date: /home/tanvi/ros2_ws/install/my_bot/share/my_bot/worlds/empty.sdf
-- Up-to-date: /home/tanvi/ros2_ws/install/my_bot/lib/my_bot/multi_goal_nav.py
-- Up-to-date: /home/tanvi/ros2_ws/install/my_bot/lib/my_bot/imu_odom.py
-- Up-to-date: /home/tanvi/ros2_ws/install/my_bot/lib/my_bot/move_robot.py
-- Up-to-date: /home/tanvi/ros2_ws/install/my_bot/share/ament_index/resource_index/package_run_dependencies/my_bot
-- Up-to-date: /home/tanvi/ros2_ws/install/my_bot/share/ament_index/resource_index/parent_prefix_path/my_bot
-- Up-to-date: /home/tanvi/ros2_ws/install/my_bot/share/my_bot/environment/ament_prefix_path.sh
-- Up-to-date: /home/tanvi/ros2_ws/install/my_bot/share/my_bot/environment/ament_prefix_path.dsv
-- Up-to-date: /home/tanvi/ros2_ws/install/my_bot/share/my_bot/environment/path.sh
-- Up-to-date: /home/tanvi/ros2_ws/install/my_bot/share/my_bot/environment/path.dsv
-- Up-to-date: /home/tanvi/ros2_ws/install/my_bot/share/my_bot/local_setup.bash
-- Up-to-date: /home/tanvi/ros2_ws/install/my_bot/share/my_bot/local_setup.sh
-- Up-to-date: /home/tanvi/ros2_ws/install/my_bot/share/my_bot/local_setup.zsh
-- Up-to-date: /home/tanvi/ros2_ws/install/my_bot/share/my_bot/local_setup.dsv
-- Installing: /home/tanvi/ros2_ws/install/my_bot/share/my_bot/package.dsv
-- Up-to-date: /home/tanvi/ros2_ws/install/my_bot/share/ament_index/resource_index/packages/my_bot
-- Up-to-date: /home/tanvi/ros2_ws/install/my_bot/share/my_bot/cmake/my_botConfig.cmake
-- Up-to-date: /home/tanvi/ros2_ws/install/my_bot/share/my_bot/cmake/my_botConfig-version.cmake
-- Up-to-date: /home/tanvi/ros2_ws/install/my_bot/share/my_bot/package.xml
