[0.081s] Invoking command in '/home/tanvi/ros2_ws/build/my_bot': CMAKE_PREFIX_PATH=${CMAKE_PREFIX_PATH}:/home/tanvi/ros2_ws/install/voice_robot_pkg:/home/tanvi/robot_ws/install/delivery_robot:/opt/ros/humble /usr/bin/cmake --build /home/tanvi/ros2_ws/build/my_bot -- -j12 -l12
[0.543s] Invoked command in '/home/tanvi/ros2_ws/build/my_bot' returned '0': CMAKE_PREFIX_PATH=${CMAKE_PREFIX_PATH}:/home/tanvi/ros2_ws/install/voice_robot_pkg:/home/tanvi/robot_ws/install/delivery_robot:/opt/ros/humble /usr/bin/cmake --build /home/tanvi/ros2_ws/build/my_bot -- -j12 -l12
[0.563s] Invoking command in '/home/tanvi/ros2_ws/build/my_bot': CMAKE_PREFIX_PATH=${CMAKE_PREFIX_PATH}:/home/tanvi/ros2_ws/install/voice_robot_pkg:/home/tanvi/robot_ws/install/delivery_robot:/opt/ros/humble /usr/bin/cmake --install /home/tanvi/ros2_ws/build/my_bot
[0.576s] -- Install configuration: ""
[0.577s] -- Up-to-date: /home/tanvi/ros2_ws/install/my_bot/share/my_bot/urdf
[0.578s] -- Up-to-date: /home/tanvi/ros2_ws/install/my_bot/share/my_bot/urdf/my_bot.urdf.xacro
[0.579s] -- Up-to-date: /home/tanvi/ros2_ws/install/my_bot/share/my_bot/urdf/my_bot.urdf.save
[0.579s] -- Up-to-date: /home/tanvi/ros2_ws/install/my_bot/share/my_bot/urdf/my_bot.urdf
[0.580s] -- Up-to-date: /home/tanvi/ros2_ws/install/my_bot/share/my_bot/launch
[0.581s] -- Up-to-date: /home/tanvi/ros2_ws/install/my_bot/share/my_bot/launch/rsp.launch.py
[0.581s] -- Up-to-date: /home/tanvi/ros2_ws/install/my_bot/share/my_bot/launch/gazebo.launch.py
[0.582s] -- Up-to-date: /home/tanvi/ros2_ws/install/my_bot/share/my_bot/launch/display.launch.py
[0.582s] -- Up-to-date: /home/tanvi/ros2_ws/install/my_bot/share/my_bot/worlds
[0.582s] -- Up-to-date: /home/tanvi/ros2_ws/install/my_bot/share/my_bot/worlds/my_world.world
[0.582s] -- Up-to-date: /home/tanvi/ros2_ws/install/my_bot/share/my_bot/worlds/empty.sdf
[0.582s] -- Up-to-date: /home/tanvi/ros2_ws/install/my_bot/lib/my_bot/multi_goal_nav.py
[0.582s] -- Up-to-date: /home/tanvi/ros2_ws/install/my_bot/lib/my_bot/imu_odom.py
[0.582s] -- Up-to-date: /home/tanvi/ros2_ws/install/my_bot/lib/my_bot/move_robot.py
[0.582s] -- Up-to-date: /home/tanvi/ros2_ws/install/my_bot/share/ament_index/resource_index/package_run_dependencies/my_bot
[0.582s] -- Up-to-date: /home/tanvi/ros2_ws/install/my_bot/share/ament_index/resource_index/parent_prefix_path/my_bot
[0.583s] -- Up-to-date: /home/tanvi/ros2_ws/install/my_bot/share/my_bot/environment/ament_prefix_path.sh
[0.583s] -- Up-to-date: /home/tanvi/ros2_ws/install/my_bot/share/my_bot/environment/ament_prefix_path.dsv
[0.583s] -- Up-to-date: /home/tanvi/ros2_ws/install/my_bot/share/my_bot/environment/path.sh
[0.583s] -- Up-to-date: /home/tanvi/ros2_ws/install/my_bot/share/my_bot/environment/path.dsv
[0.583s] -- Up-to-date: /home/tanvi/ros2_ws/install/my_bot/share/my_bot/local_setup.bash
[0.584s] -- Up-to-date: /home/tanvi/ros2_ws/install/my_bot/share/my_bot/local_setup.sh
[0.584s] -- Up-to-date: /home/tanvi/ros2_ws/install/my_bot/share/my_bot/local_setup.zsh
[0.584s] -- Up-to-date: /home/tanvi/ros2_ws/install/my_bot/share/my_bot/local_setup.dsv
[0.584s] -- Installing: /home/tanvi/ros2_ws/install/my_bot/share/my_bot/package.dsv
[0.586s] -- Up-to-date: /home/tanvi/ros2_ws/install/my_bot/share/ament_index/resource_index/packages/my_bot
[0.586s] -- Up-to-date: /home/tanvi/ros2_ws/install/my_bot/share/my_bot/cmake/my_botConfig.cmake
[0.587s] -- Up-to-date: /home/tanvi/ros2_ws/install/my_bot/share/my_bot/cmake/my_botConfig-version.cmake
[0.587s] -- Up-to-date: /home/tanvi/ros2_ws/install/my_bot/share/my_bot/package.xml
[0.590s] Invoked command in '/home/tanvi/ros2_ws/build/my_bot' returned '0': CMAKE_PREFIX_PATH=${CMAKE_PREFIX_PATH}:/home/tanvi/ros2_ws/install/voice_robot_pkg:/home/tanvi/robot_ws/install/delivery_robot:/opt/ros/humble /usr/bin/cmake --install /home/tanvi/ros2_ws/build/my_bot
